<?xml version="1.0" encoding="UTF-8"?>
<robot generator="Robot 7.3.2 (Python 3.13.7 on win32)" generated="2025-09-30T16:34:30.046607" rpa="false" schemaversion="5">
<suite id="s1" name="Base" source="C:\Users\James\TrilhaRobotFramework\Trilha_Robot_Framework\base.robot">
<test id="s1-t1" name="Cenario: POST Criar Produto 201" line="45">
<kw name="Criar Sessao">
<kw name="Create Session" owner="RequestsLibrary">
<msg time="2025-09-30T16:34:30.182460" level="INFO">Creating Session using : alias=ServeRest, url=https://serverest.dev, headers={},                     cookies={}, auth=None, timeout=None, proxies=None, verify=False,                     debug=0 </msg>
<arg>ServeRest</arg>
<arg>https://serverest.dev</arg>
<doc>Create Session: create a HTTP session to a server</doc>
<status status="PASS" start="2025-09-30T16:34:30.182299" elapsed="0.000441"/>
</kw>
<status status="PASS" start="2025-09-30T16:34:30.181624" elapsed="0.001222"/>
</kw>
<kw name="POST Endpoit /produtos" owner="produtos_keywords">
<kw name="Create Dictionary" owner="BuiltIn">
<msg time="2025-09-30T16:34:30.183956" level="INFO">&amp;{header} = { Authorization=Bearer eyJhbGciOiJIUzI1NiIsInR5cCI6IkpXVCJ9.eyJlbWFpbCI6ImJlbHRAcWEuY29tLmJyIiwicGFzc3dvcmQiOiJ0ZXN0ZSIsImlhdCI6MTc1OTI2MDQyMiwiZXhwIjoxNzU5MjYxMDIyfQ.W71MYGVKLvUP8QHQfxWiQkVq9wofIHCr2...</msg>
<var>&amp;{header}</var>
<arg>Authorization=${token_auth}</arg>
<doc>Creates and returns a dictionary based on the given ``items``.</doc>
<status status="PASS" start="2025-09-30T16:34:30.183553" elapsed="0.000439"/>
</kw>
<kw name="Create Dictionary" owner="BuiltIn">
<msg time="2025-09-30T16:34:30.184333" level="INFO">&amp;{payload} = { nome="MouseT" | preco=400 | descricao="Mouse" | quantidade=100 }</msg>
<var>&amp;{payload}</var>
<arg>nome="MouseT"</arg>
<arg>preco=400</arg>
<arg>descricao="Mouse"</arg>
<arg>quantidade=100</arg>
<doc>Creates and returns a dictionary based on the given ``items``.</doc>
<status status="PASS" start="2025-09-30T16:34:30.184108" elapsed="0.000256"/>
</kw>
<kw name="POST On Session" owner="RequestsLibrary">
<msg time="2025-09-30T16:34:30.564793" level="INFO">POST Request : url=https://serverest.dev/produtos 
 path_url=/produtos 
 headers={'User-Agent': 'python-requests/2.32.5', 'Accept-Encoding': 'gzip, deflate', 'Accept': '*/*', 'Connection': 'keep-alive', 'Authorization': '*****', 'Content-Length': '64', 'Content-Type': 'application/x-www-form-urlencoded'} 
 body=nome=%22MouseT%22&amp;preco=400&amp;descricao=%22Mouse%22&amp;quantidade=100 
 </msg>
<msg time="2025-09-30T16:34:30.565210" level="INFO">POST Response : url=https://serverest.dev/produtos 
 status=400, reason=Bad Request 
 headers={'access-control-allow-origin': '*', 'x-dns-prefetch-control': 'off', 'x-frame-options': 'SAMEORIGIN', 'strict-transport-security': 'max-age=15552000; includeSubDomains', 'x-download-options': 'noopen', 'x-content-type-options': 'nosniff', 'x-xss-protection': '1; mode=block', 'content-type': 'application/json; charset=utf-8', 'x-cloud-trace-context': '6680946fa141b4897e5fcab7c2183c92', 'date': 'Tue, 30 Sep 2025 19:34:28 GMT', 'server': 'Google Frontend', 'Content-Length': '53'} 
 body={
    "message": "Já existe produto com esse nome"
} 
 </msg>
<msg time="2025-09-30T16:34:30.565724" level="INFO">C:\Users\James\AppData\Local\Programs\Python\Python313\Lib\site-packages\urllib3\connectionpool.py:1097: InsecureRequestWarning: Unverified HTTPS request is being made to host 'serverest.dev'. Adding certificate verification is strongly advised. See: https://urllib3.readthedocs.io/en/latest/advanced-usage.html#tls-warnings
  warnings.warn(</msg>
<msg time="2025-09-30T16:34:30.566885" level="FAIL">HTTPError: 400 Client Error: Bad Request for url: https://serverest.dev/produtos</msg>
<var>${response}</var>
<arg>ServeRest</arg>
<arg>/produtos</arg>
<arg>data=&amp;{payload}</arg>
<arg>headers=${header}</arg>
<doc>Sends a POST request on a previously created HTTP Session.</doc>
<status status="FAIL" start="2025-09-30T16:34:30.184475" elapsed="0.394433">HTTPError: 400 Client Error: Bad Request for url: https://serverest.dev/produtos</status>
</kw>
<kw name="Log To Console" owner="BuiltIn">
<arg>Response: ${response.content}</arg>
<doc>Logs the given message to the console.</doc>
<status status="NOT RUN" start="2025-09-30T16:34:30.579811" elapsed="0.000096"/>
</kw>
<kw name="Set Global Variable" owner="BuiltIn">
<arg>${response}</arg>
<doc>Makes a variable available globally in all tests and suites.</doc>
<status status="NOT RUN" start="2025-09-30T16:34:30.580264" elapsed="0.000072"/>
</kw>
<status status="FAIL" start="2025-09-30T16:34:30.183247" elapsed="0.397486">HTTPError: 400 Client Error: Bad Request for url: https://serverest.dev/produtos</status>
</kw>
<tag>POSTPRODUTO</tag>
<status status="FAIL" start="2025-09-30T16:34:30.180474" elapsed="0.401197">HTTPError: 400 Client Error: Bad Request for url: https://serverest.dev/produtos</status>
</test>
<doc>Arquivos simples para requisições HTTP em API ServeRest</doc>
<status status="FAIL" start="2025-09-30T16:34:30.048942" elapsed="0.534878"/>
</suite>
<statistics>
<total>
<stat pass="0" fail="1" skip="0">All Tests</stat>
</total>
<tag>
<stat pass="0" fail="1" skip="0">POSTPRODUTO</stat>
</tag>
<suite>
<stat name="Base" id="s1" pass="0" fail="1" skip="0">Base</stat>
</suite>
</statistics>
<errors>
</errors>
</robot>
