<?xml version="1.0" encoding="UTF-8"?>
<robot generator="Robot 7.3.2 (Python 3.13.7 on win32)" generated="2025-10-02T14:19:57.937164" rpa="false" schemaversion="5">
<suite id="s1" name="Base" source="C:\Users\James\TrilhaRobotFramework\Trilha_Robot_Framework\base.robot">
<test id="s1-t1" name="Cenario: POST Criar Usuario De Massa Dinamica 201" line="66">
<kw name="Criar Sessao">
<kw name="Create Session" owner="RequestsLibrary">
<msg time="2025-10-02T14:19:58.525893" level="INFO">Creating Session using : alias=ServeRest, url=https://serverest.dev, headers={},                     cookies={}, auth=None, timeout=None, proxies=None, verify=False,                     debug=0 </msg>
<arg>ServeRest</arg>
<arg>https://serverest.dev</arg>
<doc>Create Session: create a HTTP session to a server</doc>
<status status="PASS" start="2025-10-02T14:19:58.524904" elapsed="0.001913"/>
</kw>
<status status="PASS" start="2025-10-02T14:19:58.522342" elapsed="0.004817"/>
</kw>
<kw name="Cadastrar Usuario Dinamico Valido" owner="usuarios_keywords">
<kw name="Criar dados Usuario Valido" owner="dynamics">
<kw name="Name" owner="FakerLibrary">
<msg time="2025-10-02T14:19:58.529936" level="INFO">${nome} = Lorenzo Cassiano</msg>
<var>${nome}</var>
<doc>:example: 'John Doe'</doc>
<status status="PASS" start="2025-10-02T14:19:58.529507" elapsed="0.000482"/>
</kw>
<kw name="Email" owner="FakerLibrary">
<msg time="2025-10-02T14:19:58.530809" level="INFO">${email} = oliverpereira@example.com</msg>
<var>${email}</var>
<status status="PASS" start="2025-10-02T14:19:58.530379" elapsed="0.000483"/>
</kw>
<kw name="Create Dictionary" owner="BuiltIn">
<msg time="2025-10-02T14:19:58.531750" level="INFO">&amp;{payload} = { nome=Lorenzo Cassiano | email=oliverpereira@example.com | password=senha123 | administrador=true }</msg>
<var>&amp;{payload}</var>
<arg>nome=${nome}</arg>
<arg>email=${email}</arg>
<arg>password=senha123</arg>
<arg>administrador=true</arg>
<doc>Creates and returns a dictionary based on the given ``items``.</doc>
<status status="PASS" start="2025-10-02T14:19:58.531116" elapsed="0.000688"/>
</kw>
<kw name="Log To Console" owner="BuiltIn">
<arg>${payload}</arg>
<doc>Logs the given message to the console.</doc>
<status status="PASS" start="2025-10-02T14:19:58.531987" elapsed="0.000401"/>
</kw>
<return>
<value>${payload}</value>
<status status="PASS" start="2025-10-02T14:19:58.532481" elapsed="0.000081"/>
</return>
<msg time="2025-10-02T14:19:58.532782" level="INFO">${payload} = {'nome': 'Lorenzo Cassiano', 'email': 'oliverpereira@example.com', 'password': 'senha123', 'administrador': 'true'}</msg>
<var>${payload}</var>
<status status="PASS" start="2025-10-02T14:19:58.529027" elapsed="0.003787"/>
</kw>
<kw name="Set Global Variable" owner="BuiltIn">
<msg time="2025-10-02T14:19:58.533199" level="INFO">${payload} = {'nome': 'Lorenzo Cassiano', 'email': 'oliverpereira@example.com', 'password': 'senha123', 'administrador': 'true'}</msg>
<arg>${payload}</arg>
<doc>Makes a variable available globally in all tests and suites.</doc>
<status status="PASS" start="2025-10-02T14:19:58.532962" elapsed="0.000300"/>
</kw>
<kw name="POST Endpoint /usuarios" owner="usuarios_keywords">
<kw name="POST On Session" owner="RequestsLibrary">
<msg time="2025-10-02T14:19:59.689683" level="INFO">POST Request : url=https://serverest.dev/usuarios 
 path_url=/usuarios 
 headers={'User-Agent': 'python-requests/2.32.5', 'Accept-Encoding': 'gzip, deflate', 'Accept': '*/*', 'Connection': 'keep-alive', 'Content-Length': '115', 'Content-Type': 'application/json'} 
 body=b'{"nome": "Lorenzo Cassiano", "email": "oliverpereira@example.com", "password": "senha123", "administrador": "true"}' 
 </msg>
<msg time="2025-10-02T14:19:59.689923" level="INFO">POST Response : url=https://serverest.dev/usuarios 
 status=201, reason=Created 
 headers={'access-control-allow-origin': '*', 'x-dns-prefetch-control': 'off', 'x-frame-options': 'SAMEORIGIN', 'strict-transport-security': 'max-age=15552000; includeSubDomains', 'x-download-options': 'noopen', 'x-content-type-options': 'nosniff', 'x-xss-protection': '1; mode=block', 'content-type': 'application/json; charset=utf-8', 'x-cloud-trace-context': 'bcc19e18b0fd3643ccd3a0db59640396', 'date': 'Thu, 02 Oct 2025 17:19:58 GMT', 'server': 'Google Frontend', 'Content-Length': '82'} 
 body={
    "message": "Cadastro realizado com sucesso",
    "_id": "OkODzBFvkaWwzpLJ"
} 
 </msg>
<msg time="2025-10-02T14:19:59.690063" level="INFO">C:\Users\James\AppData\Local\Programs\Python\Python313\Lib\site-packages\urllib3\connectionpool.py:1097: InsecureRequestWarning: Unverified HTTPS request is being made to host 'serverest.dev'. Adding certificate verification is strongly advised. See: https://urllib3.readthedocs.io/en/latest/advanced-usage.html#tls-warnings
  warnings.warn(</msg>
<msg time="2025-10-02T14:19:59.690586" level="INFO">${response} = &lt;Response [201]&gt;</msg>
<var>${response}</var>
<arg>ServeRest</arg>
<arg>/usuarios</arg>
<arg>json=&amp;{payload}</arg>
<doc>Sends a POST request on a previously created HTTP Session.</doc>
<status status="PASS" start="2025-10-02T14:19:58.533732" elapsed="1.156970"/>
</kw>
<kw name="Log To Console" owner="BuiltIn">
<arg>Response: ${response.content}</arg>
<doc>Logs the given message to the console.</doc>
<status status="PASS" start="2025-10-02T14:19:59.691234" elapsed="0.002067"/>
</kw>
<kw name="Set Global Variable" owner="BuiltIn">
<msg time="2025-10-02T14:19:59.693936" level="INFO">${response} = &lt;Response [201]&gt;</msg>
<arg>${response}</arg>
<doc>Makes a variable available globally in all tests and suites.</doc>
<status status="PASS" start="2025-10-02T14:19:59.693580" elapsed="0.000415"/>
</kw>
<status status="PASS" start="2025-10-02T14:19:58.533448" elapsed="1.160670"/>
</kw>
<status status="PASS" start="2025-10-02T14:19:58.528159" elapsed="1.166020"/>
</kw>
<kw name="Validar Status Code" owner="common">
<kw name="Should Be True" owner="BuiltIn">
<arg>${response.status_code} == ${status_code}</arg>
<doc>Fails if the given condition is not true.</doc>
<status status="PASS" start="2025-10-02T14:19:59.695499" elapsed="0.001281"/>
</kw>
<arg>201</arg>
<status status="PASS" start="2025-10-02T14:19:59.694831" elapsed="0.002030"/>
</kw>
<tag>POSTMASSADINAMICA</tag>
<status status="PASS" start="2025-10-02T14:19:58.521301" elapsed="1.175928"/>
</test>
<doc>Arquivos simples para requisições HTTP em API ServeRest</doc>
<status status="PASS" start="2025-10-02T14:19:57.938935" elapsed="1.759455"/>
</suite>
<statistics>
<total>
<stat pass="1" fail="0" skip="0">All Tests</stat>
</total>
<tag>
<stat pass="1" fail="0" skip="0">POSTMASSADINAMICA</stat>
</tag>
<suite>
<stat name="Base" id="s1" pass="1" fail="0" skip="0">Base</stat>
</suite>
</statistics>
<errors>
<msg time="2025-10-02T14:19:58.070080" level="WARN">Error in file 'C:\Users\James\TrilhaRobotFramework\Trilha_Robot_Framework\common.robot' on line 20: The '[Return]' setting is deprecated. Use the 'RETURN' statement instead.</msg>
<msg time="2025-10-02T14:19:58.080383" level="WARN">Error in file 'C:\Users\James\TrilhaRobotFramework\Trilha_Robot_Framework\dynamics.robot' on line 6: Singular section headers like '*** Variable ***' are deprecated. Use plural format like '*** Variables ***' instead.</msg>
<msg time="2025-10-02T14:19:58.080800" level="WARN">Error in file 'C:\Users\James\TrilhaRobotFramework\Trilha_Robot_Framework\dynamics.robot' on line 15: The '[Return]' setting is deprecated. Use the 'RETURN' statement instead.</msg>
</errors>
</robot>
