<?xml version="1.0" encoding="UTF-8"?>
<robot generator="Robot 7.3.2 (Python 3.13.7 on win32)" generated="2025-10-03T17:21:02.148768" rpa="false" schemaversion="5">
<suite id="s1" name="Usuarios Test" source="C:\Users\James\TrilhaRobotFramework\Trilha_Robot_Framework\tests\usuarios_test.robot">
<kw name="Criar Sessao" owner="base" type="SETUP">
<kw name="Create Session" owner="RequestsLibrary">
<msg time="2025-10-03T17:21:02.774390" level="INFO">Creating Session using : alias=ServeRest, url=https://serverest.dev/, headers={},                     cookies={}, auth=None, timeout=None, proxies=None, verify=False,                     debug=0 </msg>
<arg>ServeRest</arg>
<arg>${BASE_URL}</arg>
<doc>Create Session: create a HTTP session to a server</doc>
<status status="PASS" start="2025-10-03T17:21:02.774170" elapsed="0.000436"/>
</kw>
<status status="PASS" start="2025-10-03T17:21:02.773199" elapsed="0.001525"/>
</kw>
<test id="s1-t1" name="Cenario: GET Todos os Usuarios 200" line="11">
<kw name="GET Endpoint /usuarios" owner="usuarios_keywords">
<kw name="GET On Session" owner="RequestsLibrary">
<msg time="2025-10-03T17:21:03.503921" level="INFO">GET Request : url=https://serverest.dev/usuarios 
 path_url=/usuarios 
 headers={'User-Agent': 'python-requests/2.32.5', 'Accept-Encoding': 'gzip, deflate', 'Accept': '*/*', 'Connection': 'keep-alive'} 
 body=None 
 </msg>
<msg time="2025-10-03T17:21:03.504178" level="INFO">GET Response : url=https://serverest.dev/usuarios 
 status=200, reason=OK 
 headers={'access-control-allow-origin': '*', 'x-dns-prefetch-control': 'off', 'x-frame-options': 'SAMEORIGIN', 'strict-transport-security': 'max-age=15552000; includeSubDomains', 'x-download-options': 'noopen', 'x-content-type-options': 'nosniff', 'x-xss-protection': '1; mode=block', 'content-type': 'application/json; charset=utf-8', 'x-cloud-trace-context': '4ae48778226a5c4a6adaae00e4d7865f;o=1', 'date': 'Fri, 03 Oct 2025 20:21:00 GMT', 'server': 'Google Frontend', 'Content-Length': '116646'} 
 body={
    "quantidade": 529,
    "usuarios": [
        {
            "nome": "Usuario Senha Curta",
            "email": "shortpass-mylxstai@qa.com",
            "password": "1234",
            "administrador": "false",
            "_id": "065DhAT0ZHJLsXBY"
        },
        {
            "nome": "Enzo Câmara",
            "email": "luna89@example.org",
            "password": "senha123",
            "administrador": "true",
            "_id": "0DeUGJdUndtiuhCg"
        },
        {
            "nome": "Usuario Teste 1759511378",
            "email": "teste1759511378@qa.com",
            "password": "teste123",
            "administrador": "false",
            "_id": "0EjcDbEq2TyC6a8e"
        },
        {
            "nome": "Beatriz Oliveira",
            "email": "daniloda-luz@example.net",
            "password": "senha123",
            "administrador": "true",
            "_id": "0MmJT64Qygyzq2e6"
        },
        {
            "nome": "Ana Carolina Azevedo",
            "email": "maria-luisa20@example.com",
            "password": "senha123",
            "administrador": "true",
            "_id": "0d063Nq9prOUMp0y"
        },
        {
            "nome": "Admin nsrrzofv",
            "email": "admin-nsrrzofv@qa.com",
            "password": "senhaforte",
            "administrador": "true",
            "_id": "0p9ZqkAZFkFwzDWj"
        },
        {
            "nome": "Usuário Teste",
            "email": "teste8378@teste.com",
            "password": "123",
            "administrador": "true",
            "_id": "0pOweM5Hiku1svfe"
        },
        {
            "nome": "Fulano ALTERADO b40k",
            "email": "usuarioi8gbe@qa.com.br",
            "password": "123456",
            "administrador": "true",
            "_id": "0uxuPY0cbmQhpEz1"
        },
        {
            "nome": "Isis Carvalho",
            "email": "meloenzo-gabriel@example.org",
            "password": "senha123",
            "administrador": "true",
            "_id": "0xLOLCBFoqqcnTpK"
        },
        {
            "nome": "Test User",
            "email": "carlos@exemplo.com",
            "password": "12345",
            "administrador": "false",
            "_id": "14bKUoVYhdHBXrhp"
        },
        {
            "nome": "Usuario Gmail",
            "email": "fail-yjjknlbi@gmail.com",
            "password": "senha123",
            "administrador": "false",
            "_id": "1PgK6j91uXdZ7DJU"
        },
        {
            "nome": "Usuario Gmail",
            "email": "fail-dfukkqbn@gmail.com",
            "password": "senha123",
            "administrador": "false",
            "_id": "1TIBZUdGMRLrOe09"
        },
        {
            "nome": "Fulano da Silva",
            "email": "ksdb@emailteste.com",
            "password": "1234",
            "administrador": "true",
            "_id": "1YXU4mEteGkWAUWs"
        },
        {
            "nome": "Bruna Mendes",
            "email": "brenda85@example.net",
            "password": "senha123",
            "administrador": "true",
            "_id": "1hAjuWyAlwkmOh8T"
        },
        {
            "nome": "Usuário Teste",
            "email": "teste0323@teste.com",
            "password": "12345",
            "administrador": "true",
            "_id": "1il4Tb85YUUetf3J"
        },
        {
            "nome": "Usuário Teste",
            "email": "teste4472@teste.com",
            "password": "12345",
            "administrador": "true",
            "_id": "1rWYUpSAV3KMxemx"
        },
        {
            "nome": "Cypress User 1759493962312",
            "email": "Cypress_1759493962312@Cypress.com",
            "password": "123456",
            "administrador": "true",
            "_id": "1ritpWbv5qklmHmq"
        },
        {
            "nome": "Cypress User",
            "email": "cypress_user_1759518582568@example.com",
            "password": "Password123!",
            "administrador": "true",
            "_id": "1uMUxpGI8LhffeJA"
        },
        {
            "nome": "CLYDE TOBIAS",
            "email": "CLYDE.TOBIAS@sakilacustomer.org",
            "password": "senha123",
            "administrador": "true",
            "_id": "1z8bP0FASWpOwAAB"
        },
        {
            "nome": "Fulano da Silva",
            "email": "fyyy@emailteste.com",
            "password": "1234",
            "administrador": "true",
            "_id": "27dM7R0LAm1Z9cGw"
        },
        {
            "nome": "SHARON ROBINSON",
            "email": "SHARON.ROBINSON@sakilacustomer.org",
            "password": "teste",
            "administrador": "true",
            "_id": "2ArDnI78iF5KRGy3"
        },
        {
            "nome": "Antônio Moura",
            "email": "maria-sophiacunha@example.net",
            "password": "senha123",
            "administrador": "true",
            "_id": "2JypGp7siJqcCzHL"
        },
        {
            "nome": "Usuario Para Deletar",
            "email": "nvzffefm@qa.com",
            "password": "senhaforte",
            "administrador": "false",
            "_id": "2No1ruWUfM4m4GfI"
        },
        {
            "nome": "Joana Viana",
            "email": "ysiqueira@example.com",
            "password": "senha123",
            "administrador": "true",
            "_id": "2W9sRn4fHGRlVyuW"
        },
        {
            "nome": "Usuario Original",
            "email": "duplicado-digribev@qa.com",
            "password": "senha123",
            "administrador": "false",
            "_id": "2nXGomc5bwBlMeYu"
        },
        {
            "nome": "Fulano da Silva",
            "email": "yavt@emailteste.com",
            "password": "1234",
            "administrador": "true",
            "_id": "2rcxYzp77aFSBfRm"
        },
        {
            "nome": "Gustavo Rios",
            "email": "leonardo56@example.net",
            "password": "senha123",
            "administrador": "true",
            "_id": "2wJQtW5XVJwnrc0W"
        },
        {
            "nome": "Usuário Teste",
            "email": "teste5240@teste.com",
            "password": "12345",
            "administrador": "true",
            "_id": "2ztYXXNMO2v8VsXU"
        },
        {
            "nome": "Usuário Teste",
            "email": "teste6184@teste.com",
            "password": "12345",
            "administrador": "true",
            "_id": "3L9BfzDlx1wjaxwA"
        },
        {
            "nome": "Luiz Miguel Pacheco",
            "email": "da-rochanicolas@example.org",
            "password": "senha123",
            "administrador": "true",
            "_id": "3zM2YYN65vfXvTRg"
        },
        {
            "nome": "Camila Barros",
            "email": "mda-rosa@example.net",
            "password": "senha123",
            "administrador": "true",
            "_id": "44wg0jlqyaCTNf4U"
        },
        {
            "nome": "Yan Sampaio",
            "email": "rleao@example.net",
            "password": "senha123",
            "administrador": "true",
            "_id": "48Nz1ZsSkU8Ml3SI"
        },
        {
            "nome": "Usuário Teste",
            "email": "teste6450@teste.com",
            "password": "12345",
            "administrador": "true",
            "_id": "4A3GHkquZblYyu6g"
        },
        {
            "nome": "KAREN JACKSON",
            "email": "KAREN.JACKSON@sakilacustomer.org",
            "password": "teste",
            "administrador": "true",
            "_id": "4SYY3m4ol6BjiCoL"
        },
        {
            "nome": "João Lucas Costela",
            "email": "laiscasa-grande@example.com",
            "password": "senha123",
            "administrador": "true",
            "_id": "4T11JblnEztHDKbu"
        },
        {
            "nome": "Benício Montenegro",
            "email": "lsousa@example.net",
            "password": "senha123",
            "administrador": "true",
            "_id": "4ZMgWjgrg1KYS7wX"
        },
        {
            "nome": "Giovanna Teixeira",
            "email": "inovais@example.org",
            "password": "senha123",
            "administrador": "true",
            "_id": "4co0ikZqD6uERbSf"
        },
        {
            "nome": "Cypress Admin 1759493948662",
            "email": "cypress_admin_1759493948662@cypress.com",
            "password": "123456",
            "administrador": "true",
            "_id": "4m9Un54fA126Qj4S"
        },
        {
            "nome": "Usuário Teste",
            "email": "teste1281@teste.com",
            "password": "12345",
            "administrador": "true",
            "_id": "4oVF3Ppgyi0Vh56I"
        },
        {
            "nome": "Maria Clara Nascimento",
            "email": "machadomaria-flor@example.com",
            "password": "senha123",
            "administrador": "true",
            "_id": "510KU8hanadGTZSc"
        },
        {
            "nome": "Maria Fernanda Sá",
            "email": "aragaovalentina@example.org",
            "password": "senha123",
            "administrador": "true",
            "_id": "57NlGGfNA5rgDpbU"
        },
        {
            "nome": "José Peixoto",
            "email": "aylacamara@example.com",
            "password": "senha123",
            "administrador": "true",
            "_id": "5G9fAEsNesUV0H0a"
        },
        {
            "nome": "Erick Castro",
            "email": "heloisa07@example.net",
            "password": "senha123",
            "administrador": "true",
            "_id": "5N7OjnzSVGUeA6va"
        },
        {
            "nome": "Maitê Fogaça",
            "email": "anna-liz90@example.com",
            "password": "senha123",
            "administrador": "true",
            "_id": "5PTCt8vdpGTv2VWn"
        },
        {
            "nome": "Enrico Jesus",
            "email": "nogueirapedro@example.com",
            "password": "senha123",
            "administrador": "true",
            "_id": "5a9pIGG1zLE5ShOW"
        },
        {
            "nome": "Usuario Para Deletar",
            "email": "anlkqsqy@qa.com",
            "password": "... (set the log level to DEBUG or TRACE to see the full content) 
 </msg>
<msg time="2025-10-03T17:21:03.504625" level="INFO">C:\Users\James\AppData\Local\Programs\Python\Python313\Lib\site-packages\urllib3\connectionpool.py:1097: InsecureRequestWarning: Unverified HTTPS request is being made to host 'serverest.dev'. Adding certificate verification is strongly advised. See: https://urllib3.readthedocs.io/en/latest/advanced-usage.html#tls-warnings
  warnings.warn(</msg>
<msg time="2025-10-03T17:21:03.505080" level="INFO">${response} = &lt;Response [200]&gt;</msg>
<var>${response}</var>
<arg>ServeRest</arg>
<arg>/usuarios</arg>
<doc>Sends a GET request on a previously created HTTP Session.</doc>
<status status="PASS" start="2025-10-03T17:21:02.775619" elapsed="0.729510"/>
</kw>
<kw name="Set Global Variable" owner="BuiltIn">
<msg time="2025-10-03T17:21:03.505681" level="INFO">${response} = &lt;Response [200]&gt;</msg>
<arg>${response}</arg>
<doc>Makes a variable available globally in all tests and suites.</doc>
<status status="PASS" start="2025-10-03T17:21:03.505371" elapsed="0.000386"/>
</kw>
<tag>GET</tag>
<status status="PASS" start="2025-10-03T17:21:02.775346" elapsed="0.730512"/>
</kw>
<kw name="Validar Status Code" owner="common">
<kw name="Convert To Integer" owner="BuiltIn">
<msg time="2025-10-03T17:21:03.507066" level="INFO">${status_code} = 200</msg>
<var>${status_code}</var>
<arg>${status_code}</arg>
<doc>Converts the given item to an integer number.</doc>
<status status="PASS" start="2025-10-03T17:21:03.506681" elapsed="0.000425"/>
</kw>
<kw name="Should Be Equal" owner="BuiltIn">
<arg>${response.status_code}</arg>
<arg>${status_code}</arg>
<doc>Fails if the given objects are unequal.</doc>
<status status="PASS" start="2025-10-03T17:21:03.507249" elapsed="0.000699"/>
</kw>
<arg>200</arg>
<status status="PASS" start="2025-10-03T17:21:03.506324" elapsed="0.001721"/>
</kw>
<tag>GET</tag>
<status status="PASS" start="2025-10-03T17:21:02.774799" elapsed="0.733655"/>
</test>
<test id="s1-t2" name="Cenario: POST Cadastrar Usuario 201" line="17">
<kw name="Criar Dados Usuario Valido" owner="dynamics">
<kw name="Name" owner="FakerLibrary">
<msg time="2025-10-03T17:21:03.513939" level="INFO">${nome} = Noah da Rosa</msg>
<var>${nome}</var>
<doc>:example: 'John Doe'</doc>
<status status="PASS" start="2025-10-03T17:21:03.510168" elapsed="0.003834"/>
</kw>
<kw name="Email" owner="FakerLibrary">
<msg time="2025-10-03T17:21:03.514440" level="INFO">${email} = das-neveserick@example.net</msg>
<var>${email}</var>
<status status="PASS" start="2025-10-03T17:21:03.514191" elapsed="0.000289"/>
</kw>
<kw name="Create Dictionary" owner="BuiltIn">
<msg time="2025-10-03T17:21:03.515158" level="INFO">&amp;{payload} = { nome=Noah da Rosa | email=das-neveserick@example.net | password=senha123 | administrador=true }</msg>
<var>&amp;{payload}</var>
<arg>nome=${nome}</arg>
<arg>email=${email}</arg>
<arg>password=senha123</arg>
<arg>administrador=true</arg>
<doc>Creates and returns a dictionary based on the given ``items``.</doc>
<status status="PASS" start="2025-10-03T17:21:03.514633" elapsed="0.000566"/>
</kw>
<kw name="Log To Console" owner="BuiltIn">
<arg>${payload}</arg>
<doc>Logs the given message to the console.</doc>
<status status="PASS" start="2025-10-03T17:21:03.515353" elapsed="0.000462"/>
</kw>
<kw name="Set Global Variable" owner="BuiltIn">
<msg time="2025-10-03T17:21:03.516266" level="INFO">${payload} = {'nome': 'Noah da Rosa', 'email': 'das-neveserick@example.net', 'password': 'senha123', 'administrador': 'true'}</msg>
<arg>${payload}</arg>
<doc>Makes a variable available globally in all tests and suites.</doc>
<status status="PASS" start="2025-10-03T17:21:03.515989" elapsed="0.000339"/>
</kw>
<status status="PASS" start="2025-10-03T17:21:03.509882" elapsed="0.006528"/>
</kw>
<kw name="POST Endpoint /usuarios" owner="usuarios_keywords">
<kw name="POST On Session" owner="RequestsLibrary">
<msg time="2025-10-03T17:21:03.691216" level="INFO">POST Request : url=https://serverest.dev/usuarios 
 path_url=/usuarios 
 headers={'User-Agent': 'python-requests/2.32.5', 'Accept-Encoding': 'gzip, deflate', 'Accept': '*/*', 'Connection': 'keep-alive', 'Content-Length': '112', 'Content-Type': 'application/json'} 
 body=b'{"nome": "Noah da Rosa", "email": "das-neveserick@example.net", "password": "senha123", "administrador": "true"}' 
 </msg>
<msg time="2025-10-03T17:21:03.691319" level="INFO">POST Response : url=https://serverest.dev/usuarios 
 status=201, reason=Created 
 headers={'access-control-allow-origin': '*', 'x-dns-prefetch-control': 'off', 'x-frame-options': 'SAMEORIGIN', 'strict-transport-security': 'max-age=15552000; includeSubDomains', 'x-download-options': 'noopen', 'x-content-type-options': 'nosniff', 'x-xss-protection': '1; mode=block', 'content-type': 'application/json; charset=utf-8', 'x-cloud-trace-context': '01d7e6635708859a6adaae00e4d78f7e', 'date': 'Fri, 03 Oct 2025 20:21:00 GMT', 'server': 'Google Frontend', 'Content-Length': '82'} 
 body={
    "message": "Cadastro realizado com sucesso",
    "_id": "V6cScRuowZib3cY2"
} 
 </msg>
<msg time="2025-10-03T17:21:03.691404" level="INFO">C:\Users\James\AppData\Local\Programs\Python\Python313\Lib\site-packages\urllib3\connectionpool.py:1097: InsecureRequestWarning: Unverified HTTPS request is being made to host 'serverest.dev'. Adding certificate verification is strongly advised. See: https://urllib3.readthedocs.io/en/latest/advanced-usage.html#tls-warnings
  warnings.warn(</msg>
<msg time="2025-10-03T17:21:03.691957" level="INFO">${response} = &lt;Response [201]&gt;</msg>
<var>${response}</var>
<arg>ServeRest</arg>
<arg>/usuarios</arg>
<arg>json=&amp;{payload}</arg>
<doc>Sends a POST request on a previously created HTTP Session.</doc>
<status status="PASS" start="2025-10-03T17:21:03.517385" elapsed="0.174627"/>
</kw>
<kw name="Log To Console" owner="BuiltIn">
<arg>Response: ${response.content}</arg>
<doc>Logs the given message to the console.</doc>
<status status="PASS" start="2025-10-03T17:21:03.692283" elapsed="0.001149"/>
</kw>
<kw name="Set Global Variable" owner="BuiltIn">
<msg time="2025-10-03T17:21:03.694467" level="INFO">${response} = &lt;Response [201]&gt;</msg>
<arg>${response}</arg>
<doc>Makes a variable available globally in all tests and suites.</doc>
<status status="PASS" start="2025-10-03T17:21:03.693911" elapsed="0.000703"/>
</kw>
<status status="PASS" start="2025-10-03T17:21:03.516898" elapsed="0.177945"/>
</kw>
<kw name="Validar Status Code" owner="common">
<kw name="Convert To Integer" owner="BuiltIn">
<msg time="2025-10-03T17:21:03.696918" level="INFO">${status_code} = 201</msg>
<var>${status_code}</var>
<arg>${status_code}</arg>
<doc>Converts the given item to an integer number.</doc>
<status status="PASS" start="2025-10-03T17:21:03.696484" elapsed="0.000515"/>
</kw>
<kw name="Should Be Equal" owner="BuiltIn">
<arg>${response.status_code}</arg>
<arg>${status_code}</arg>
<doc>Fails if the given objects are unequal.</doc>
<status status="PASS" start="2025-10-03T17:21:03.697379" elapsed="0.001453"/>
</kw>
<arg>201</arg>
<status status="PASS" start="2025-10-03T17:21:03.695719" elapsed="0.003341"/>
</kw>
<kw name="Validar Se Mensagem Contem" owner="common">
<kw name="Should Be Equal" owner="BuiltIn">
<arg>${response.json()['message']}</arg>
<arg>${mensagem}</arg>
<doc>Fails if the given objects are unequal.</doc>
<status status="PASS" start="2025-10-03T17:21:03.701095" elapsed="0.001225"/>
</kw>
<arg>Cadastro realizado com sucesso</arg>
<status status="PASS" start="2025-10-03T17:21:03.700052" elapsed="0.002640"/>
</kw>
<tag>POST</tag>
<status status="PASS" start="2025-10-03T17:21:03.509280" elapsed="0.194076"/>
</test>
<test id="s1-t3" name="Cenario: PUT Editar Usuario 200" line="25">
<kw name="Criar Dados Usuario Valido" owner="dynamics">
<kw name="Name" owner="FakerLibrary">
<msg time="2025-10-03T17:21:03.706406" level="INFO">${nome} = Enzo da Mota</msg>
<var>${nome}</var>
<doc>:example: 'John Doe'</doc>
<status status="PASS" start="2025-10-03T17:21:03.705958" elapsed="0.000511"/>
</kw>
<kw name="Email" owner="FakerLibrary">
<msg time="2025-10-03T17:21:03.707414" level="INFO">${email} = daniela15@example.org</msg>
<var>${email}</var>
<status status="PASS" start="2025-10-03T17:21:03.706768" elapsed="0.000698"/>
</kw>
<kw name="Create Dictionary" owner="BuiltIn">
<msg time="2025-10-03T17:21:03.708361" level="INFO">&amp;{payload} = { nome=Enzo da Mota | email=daniela15@example.org | password=senha123 | administrador=true }</msg>
<var>&amp;{payload}</var>
<arg>nome=${nome}</arg>
<arg>email=${email}</arg>
<arg>password=senha123</arg>
<arg>administrador=true</arg>
<doc>Creates and returns a dictionary based on the given ``items``.</doc>
<status status="PASS" start="2025-10-03T17:21:03.707713" elapsed="0.000722"/>
</kw>
<kw name="Log To Console" owner="BuiltIn">
<arg>${payload}</arg>
<doc>Logs the given message to the console.</doc>
<status status="PASS" start="2025-10-03T17:21:03.708719" elapsed="0.002731"/>
</kw>
<kw name="Set Global Variable" owner="BuiltIn">
<msg time="2025-10-03T17:21:03.712316" level="INFO">${payload} = {'nome': 'Enzo da Mota', 'email': 'daniela15@example.org', 'password': 'senha123', 'administrador': 'true'}</msg>
<arg>${payload}</arg>
<doc>Makes a variable available globally in all tests and suites.</doc>
<status status="PASS" start="2025-10-03T17:21:03.711821" elapsed="0.000603"/>
</kw>
<status status="PASS" start="2025-10-03T17:21:03.705432" elapsed="0.007125"/>
</kw>
<kw name="POST Endpoint /usuarios" owner="usuarios_keywords">
<kw name="POST On Session" owner="RequestsLibrary">
<msg time="2025-10-03T17:21:03.900869" level="INFO">POST Request : url=https://serverest.dev/usuarios 
 path_url=/usuarios 
 headers={'User-Agent': 'python-requests/2.32.5', 'Accept-Encoding': 'gzip, deflate', 'Accept': '*/*', 'Connection': 'keep-alive', 'Content-Length': '107', 'Content-Type': 'application/json'} 
 body=b'{"nome": "Enzo da Mota", "email": "daniela15@example.org", "password": "senha123", "administrador": "true"}' 
 </msg>
<msg time="2025-10-03T17:21:03.901252" level="INFO">POST Response : url=https://serverest.dev/usuarios 
 status=201, reason=Created 
 headers={'access-control-allow-origin': '*', 'x-dns-prefetch-control': 'off', 'x-frame-options': 'SAMEORIGIN', 'strict-transport-security': 'max-age=15552000; includeSubDomains', 'x-download-options': 'noopen', 'x-content-type-options': 'nosniff', 'x-xss-protection': '1; mode=block', 'content-type': 'application/json; charset=utf-8', 'x-cloud-trace-context': '9f019c85c58eea846adaae00e4d78e7a', 'date': 'Fri, 03 Oct 2025 20:21:00 GMT', 'server': 'Google Frontend', 'Content-Length': '82'} 
 body={
    "message": "Cadastro realizado com sucesso",
    "_id": "kJhsJi4LZOG6woEI"
} 
 </msg>
<msg time="2025-10-03T17:21:03.901565" level="INFO">C:\Users\James\AppData\Local\Programs\Python\Python313\Lib\site-packages\urllib3\connectionpool.py:1097: InsecureRequestWarning: Unverified HTTPS request is being made to host 'serverest.dev'. Adding certificate verification is strongly advised. See: https://urllib3.readthedocs.io/en/latest/advanced-usage.html#tls-warnings
  warnings.warn(</msg>
<msg time="2025-10-03T17:21:03.902806" level="INFO">${response} = &lt;Response [201]&gt;</msg>
<var>${response}</var>
<arg>ServeRest</arg>
<arg>/usuarios</arg>
<arg>json=&amp;{payload}</arg>
<doc>Sends a POST request on a previously created HTTP Session.</doc>
<status status="PASS" start="2025-10-03T17:21:03.713475" elapsed="0.189573"/>
</kw>
<kw name="Log To Console" owner="BuiltIn">
<arg>Response: ${response.content}</arg>
<doc>Logs the given message to the console.</doc>
<status status="PASS" start="2025-10-03T17:21:03.903693" elapsed="0.002668"/>
</kw>
<kw name="Set Global Variable" owner="BuiltIn">
<msg time="2025-10-03T17:21:03.907922" level="INFO">${response} = &lt;Response [201]&gt;</msg>
<arg>${response}</arg>
<doc>Makes a variable available globally in all tests and suites.</doc>
<status status="PASS" start="2025-10-03T17:21:03.906996" elapsed="0.001158"/>
</kw>
<status status="PASS" start="2025-10-03T17:21:03.713026" elapsed="0.195418"/>
</kw>
<kw name="PUT Endpoint /usuarios" owner="usuarios_keywords">
<kw name="PUT On Session" owner="RequestsLibrary">
<msg time="2025-10-03T17:21:04.085974" level="INFO">PUT Request : url=https://serverest.dev/usuarios/kJhsJi4LZOG6woEI 
 path_url=/usuarios/kJhsJi4LZOG6woEI 
 headers={'User-Agent': 'python-requests/2.32.5', 'Accept-Encoding': 'gzip, deflate', 'Accept': '*/*', 'Connection': 'keep-alive', 'Content-Length': '107', 'Content-Type': 'application/json'} 
 body=b'{"nome": "Enzo da Mota", "email": "daniela15@example.org", "password": "senha123", "administrador": "true"}' 
 </msg>
<msg time="2025-10-03T17:21:04.086223" level="INFO">PUT Response : url=https://serverest.dev/usuarios/kJhsJi4LZOG6woEI 
 status=200, reason=OK 
 headers={'access-control-allow-origin': '*', 'x-dns-prefetch-control': 'off', 'x-frame-options': 'SAMEORIGIN', 'strict-transport-security': 'max-age=15552000; includeSubDomains', 'x-download-options': 'noopen', 'x-content-type-options': 'nosniff', 'x-xss-protection': '1; mode=block', 'content-type': 'application/json; charset=utf-8', 'x-cloud-trace-context': 'a35e138c65f809796adaae00e4d78ebd', 'date': 'Fri, 03 Oct 2025 20:21:00 GMT', 'server': 'Google Frontend', 'Content-Length': '50'} 
 body={
    "message": "Registro alterado com sucesso"
} 
 </msg>
<msg time="2025-10-03T17:21:04.086448" level="INFO">C:\Users\James\AppData\Local\Programs\Python\Python313\Lib\site-packages\urllib3\connectionpool.py:1097: InsecureRequestWarning: Unverified HTTPS request is being made to host 'serverest.dev'. Adding certificate verification is strongly advised. See: https://urllib3.readthedocs.io/en/latest/advanced-usage.html#tls-warnings
  warnings.warn(</msg>
<msg time="2025-10-03T17:21:04.087220" level="INFO">${response} = &lt;Response [200]&gt;</msg>
<var>${response}</var>
<arg>ServeRest</arg>
<arg>/usuarios/${response.json()["_id"]}</arg>
<arg>json=&amp;{payload}</arg>
<doc>Sends a PUT request on a previously created HTTP Session.</doc>
<status status="PASS" start="2025-10-03T17:21:03.910960" elapsed="0.176375"/>
</kw>
<kw name="Log To Console" owner="BuiltIn">
<arg>Response: ${response.content}</arg>
<doc>Logs the given message to the console.</doc>
<status status="PASS" start="2025-10-03T17:21:04.087816" elapsed="0.001864"/>
</kw>
<kw name="Set Global Variable" owner="BuiltIn">
<msg time="2025-10-03T17:21:04.090751" level="INFO">${response} = &lt;Response [200]&gt;</msg>
<arg>${response}</arg>
<doc>Makes a variable available globally in all tests and suites.</doc>
<status status="PASS" start="2025-10-03T17:21:04.090164" elapsed="0.000728"/>
</kw>
<status status="PASS" start="2025-10-03T17:21:03.909838" elapsed="0.181249"/>
</kw>
<kw name="Validar Status Code" owner="common">
<kw name="Convert To Integer" owner="BuiltIn">
<msg time="2025-10-03T17:21:04.093364" level="INFO">${status_code} = 200</msg>
<var>${status_code}</var>
<arg>${status_code}</arg>
<doc>Converts the given item to an integer number.</doc>
<status status="PASS" start="2025-10-03T17:21:04.092759" elapsed="0.000693"/>
</kw>
<kw name="Should Be Equal" owner="BuiltIn">
<arg>${response.status_code}</arg>
<arg>${status_code}</arg>
<doc>Fails if the given objects are unequal.</doc>
<status status="PASS" start="2025-10-03T17:21:04.093812" elapsed="0.001349"/>
</kw>
<arg>200</arg>
<status status="PASS" start="2025-10-03T17:21:04.091962" elapsed="0.003434"/>
</kw>
<tag>PUT</tag>
<status status="PASS" start="2025-10-03T17:21:03.704355" elapsed="0.391758"/>
</test>
<test id="s1-t4" name="Cenario: DELETE Deletar Usuario 200" line="32">
<kw name="Criar Dados Usuario Valido" owner="dynamics">
<kw name="Name" owner="FakerLibrary">
<msg time="2025-10-03T17:21:04.101067" level="INFO">${nome} = Esther da Mata</msg>
<var>${nome}</var>
<doc>:example: 'John Doe'</doc>
<status status="PASS" start="2025-10-03T17:21:04.100240" elapsed="0.000934"/>
</kw>
<kw name="Email" owner="FakerLibrary">
<msg time="2025-10-03T17:21:04.102421" level="INFO">${email} = dporto@example.org</msg>
<var>${email}</var>
<status status="PASS" start="2025-10-03T17:21:04.101758" elapsed="0.000757"/>
</kw>
<kw name="Create Dictionary" owner="BuiltIn">
<msg time="2025-10-03T17:21:04.104103" level="INFO">&amp;{payload} = { nome=Esther da Mata | email=dporto@example.org | password=senha123 | administrador=true }</msg>
<var>&amp;{payload}</var>
<arg>nome=${nome}</arg>
<arg>email=${email}</arg>
<arg>password=senha123</arg>
<arg>administrador=true</arg>
<doc>Creates and returns a dictionary based on the given ``items``.</doc>
<status status="PASS" start="2025-10-03T17:21:04.103137" elapsed="0.001063"/>
</kw>
<kw name="Log To Console" owner="BuiltIn">
<arg>${payload}</arg>
<doc>Logs the given message to the console.</doc>
<status status="PASS" start="2025-10-03T17:21:04.104572" elapsed="0.000953"/>
</kw>
<kw name="Set Global Variable" owner="BuiltIn">
<msg time="2025-10-03T17:21:04.106538" level="INFO">${payload} = {'nome': 'Esther da Mata', 'email': 'dporto@example.org', 'password': 'senha123', 'administrador': 'true'}</msg>
<arg>${payload}</arg>
<doc>Makes a variable available globally in all tests and suites.</doc>
<status status="PASS" start="2025-10-03T17:21:04.105935" elapsed="0.000748"/>
</kw>
<status status="PASS" start="2025-10-03T17:21:04.099505" elapsed="0.007385"/>
</kw>
<kw name="POST Endpoint /usuarios" owner="usuarios_keywords">
<kw name="POST On Session" owner="RequestsLibrary">
<msg time="2025-10-03T17:21:04.292691" level="INFO">POST Request : url=https://serverest.dev/usuarios 
 path_url=/usuarios 
 headers={'User-Agent': 'python-requests/2.32.5', 'Accept-Encoding': 'gzip, deflate', 'Accept': '*/*', 'Connection': 'keep-alive', 'Content-Length': '106', 'Content-Type': 'application/json'} 
 body=b'{"nome": "Esther da Mata", "email": "dporto@example.org", "password": "senha123", "administrador": "true"}' 
 </msg>
<msg time="2025-10-03T17:21:04.292971" level="INFO">POST Response : url=https://serverest.dev/usuarios 
 status=201, reason=Created 
 headers={'access-control-allow-origin': '*', 'x-dns-prefetch-control': 'off', 'x-frame-options': 'SAMEORIGIN', 'strict-transport-security': 'max-age=15552000; includeSubDomains', 'x-download-options': 'noopen', 'x-content-type-options': 'nosniff', 'x-xss-protection': '1; mode=block', 'content-type': 'application/json; charset=utf-8', 'x-cloud-trace-context': 'ad706b5390552d416adaae00e4d783c4', 'date': 'Fri, 03 Oct 2025 20:21:01 GMT', 'server': 'Google Frontend', 'Content-Length': '82'} 
 body={
    "message": "Cadastro realizado com sucesso",
    "_id": "Vl7SZbGEAApSq9H3"
} 
 </msg>
<msg time="2025-10-03T17:21:04.293155" level="INFO">C:\Users\James\AppData\Local\Programs\Python\Python313\Lib\site-packages\urllib3\connectionpool.py:1097: InsecureRequestWarning: Unverified HTTPS request is being made to host 'serverest.dev'. Adding certificate verification is strongly advised. See: https://urllib3.readthedocs.io/en/latest/advanced-usage.html#tls-warnings
  warnings.warn(</msg>
<msg time="2025-10-03T17:21:04.295094" level="INFO">${response} = &lt;Response [201]&gt;</msg>
<var>${response}</var>
<arg>ServeRest</arg>
<arg>/usuarios</arg>
<arg>json=&amp;{payload}</arg>
<doc>Sends a POST request on a previously created HTTP Session.</doc>
<status status="PASS" start="2025-10-03T17:21:04.108635" elapsed="0.186572"/>
</kw>
<kw name="Log To Console" owner="BuiltIn">
<arg>Response: ${response.content}</arg>
<doc>Logs the given message to the console.</doc>
<status status="PASS" start="2025-10-03T17:21:04.295658" elapsed="0.001901"/>
</kw>
<kw name="Set Global Variable" owner="BuiltIn">
<msg time="2025-10-03T17:21:04.298896" level="INFO">${response} = &lt;Response [201]&gt;</msg>
<arg>${response}</arg>
<doc>Makes a variable available globally in all tests and suites.</doc>
<status status="PASS" start="2025-10-03T17:21:04.298133" elapsed="0.000943"/>
</kw>
<status status="PASS" start="2025-10-03T17:21:04.107848" elapsed="0.191481"/>
</kw>
<kw name="DELETE Endpoint /usuarios" owner="usuarios_keywords">
<kw name="DELETE On Session" owner="RequestsLibrary">
<msg time="2025-10-03T17:21:04.476954" level="INFO">DELETE Request : url=https://serverest.dev/usuarios/Vl7SZbGEAApSq9H3 
 path_url=/usuarios/Vl7SZbGEAApSq9H3 
 headers={'User-Agent': 'python-requests/2.32.5', 'Accept-Encoding': 'gzip, deflate', 'Accept': '*/*', 'Connection': 'keep-alive', 'Content-Length': '0'} 
 body=None 
 </msg>
<msg time="2025-10-03T17:21:04.477312" level="INFO">DELETE Response : url=https://serverest.dev/usuarios/Vl7SZbGEAApSq9H3 
 status=200, reason=OK 
 headers={'access-control-allow-origin': '*', 'x-dns-prefetch-control': 'off', 'x-frame-options': 'SAMEORIGIN', 'strict-transport-security': 'max-age=15552000; includeSubDomains', 'x-download-options': 'noopen', 'x-content-type-options': 'nosniff', 'x-xss-protection': '1; mode=block', 'content-type': 'application/json; charset=utf-8', 'x-cloud-trace-context': '2534f09c9a0bc7796adaae00e4d78cb5', 'date': 'Fri, 03 Oct 2025 20:21:01 GMT', 'server': 'Google Frontend', 'Content-Length': '51'} 
 body={
    "message": "Registro excluído com sucesso"
} 
 </msg>
<msg time="2025-10-03T17:21:04.477611" level="INFO">C:\Users\James\AppData\Local\Programs\Python\Python313\Lib\site-packages\urllib3\connectionpool.py:1097: InsecureRequestWarning: Unverified HTTPS request is being made to host 'serverest.dev'. Adding certificate verification is strongly advised. See: https://urllib3.readthedocs.io/en/latest/advanced-usage.html#tls-warnings
  warnings.warn(</msg>
<msg time="2025-10-03T17:21:04.478966" level="INFO">${response} = &lt;Response [200]&gt;</msg>
<var>${response}</var>
<arg>ServeRest</arg>
<arg>/usuarios/${response.json()["_id"]}</arg>
<doc>Sends a DELETE request on a previously created HTTP Session.</doc>
<status status="PASS" start="2025-10-03T17:21:04.301191" elapsed="0.177955"/>
</kw>
<kw name="Log To Console" owner="BuiltIn">
<arg>Response: ${response.content}</arg>
<doc>Logs the given message to the console.</doc>
<status status="PASS" start="2025-10-03T17:21:04.479971" elapsed="0.005724"/>
</kw>
<kw name="Set Global Variable" owner="BuiltIn">
<msg time="2025-10-03T17:21:04.489032" level="INFO">${response} = &lt;Response [200]&gt;</msg>
<arg>${response}</arg>
<doc>Makes a variable available globally in all tests and suites.</doc>
<status status="PASS" start="2025-10-03T17:21:04.487607" elapsed="0.001733"/>
</kw>
<status status="PASS" start="2025-10-03T17:21:04.300240" elapsed="0.189521"/>
</kw>
<kw name="Validar Status Code" owner="common">
<kw name="Convert To Integer" owner="BuiltIn">
<msg time="2025-10-03T17:21:04.493923" level="INFO">${status_code} = 200</msg>
<var>${status_code}</var>
<arg>${status_code}</arg>
<doc>Converts the given item to an integer number.</doc>
<status status="PASS" start="2025-10-03T17:21:04.492889" elapsed="0.001214"/>
</kw>
<kw name="Should Be Equal" owner="BuiltIn">
<arg>${response.status_code}</arg>
<arg>${status_code}</arg>
<doc>Fails if the given objects are unequal.</doc>
<status status="PASS" start="2025-10-03T17:21:04.494759" elapsed="0.002026"/>
</kw>
<arg>200</arg>
<status status="PASS" start="2025-10-03T17:21:04.491283" elapsed="0.005776"/>
</kw>
<tag>DELETE</tag>
<status status="PASS" start="2025-10-03T17:21:04.098069" elapsed="0.399860"/>
</test>
<test id="s1-t5" name="Cenario: POST Criar Usuario De Massa Estatica 201" line="39">
<kw name="Pegar Dados Usuario Estatico Valido" owner="usuarios_keywords">
<kw name="Importar JSON Estatico" owner="common">
<kw name="Get File" owner="OperatingSystem">
<msg time="2025-10-03T17:21:04.513636" level="INFO" html="true">Getting file '&lt;a href="file://C:\Users\James\TrilhaRobotFramework\Trilha_Robot_Framework\support\fixtures\static\json_usuario_ex.json"&gt;C:\Users\James\TrilhaRobotFramework\Trilha_Robot_Framework\support\fixtures\static\json_usuario_ex.json&lt;/a&gt;'.</msg>
<msg time="2025-10-03T17:21:04.518052" level="INFO">${arquivo} = {
    "user_valido":{
        "nome": "Usuario de Testes",
        "email": "fulanlvioa@qa.com" ,
        "password": "teste",
        "administrador": "true"
    },
    "user_invalido":{
        "nom...</msg>
<var>${arquivo}</var>
<arg>C:\\Users\\James\\TrilhaRobotFramework\\Trilha_Robot_Framework\\support\\common/../fixtures/static/${nome_arquivo}</arg>
<doc>Returns the contents of a specified file.</doc>
<status status="PASS" start="2025-10-03T17:21:04.513333" elapsed="0.004964"/>
</kw>
<kw name="Evaluate" owner="BuiltIn">
<msg time="2025-10-03T17:21:04.519109" level="INFO">${data} = {'user_valido': {'nome': 'Usuario de Testes', 'email': 'fulanlvioa@qa.com', 'password': 'teste', 'administrador': 'true'}, 'user_invalido': {'nome': 'Usuario Invalido', 'email': 'fulano@qa.com', 'pass...</msg>
<var>${data}</var>
<arg>json.loads('''${arquivo}''')</arg>
<arg>json</arg>
<doc>Evaluates the given expression in Python and returns the result.</doc>
<status status="PASS" start="2025-10-03T17:21:04.518552" elapsed="0.000603"/>
</kw>
<return>
<value>${data}</value>
<status status="PASS" start="2025-10-03T17:21:04.519256" elapsed="0.000092"/>
</return>
<msg time="2025-10-03T17:21:04.519567" level="INFO">${json} = {'user_valido': {'nome': 'Usuario de Testes', 'email': 'fulanlvioa@qa.com', 'password': 'teste', 'administrador': 'true'}, 'user_invalido': {'nome': 'Usuario Invalido', 'email': 'fulano@qa.com', 'pass...</msg>
<var>${json}</var>
<arg>json_usuario_ex.json</arg>
<status status="PASS" start="2025-10-03T17:21:04.512836" elapsed="0.006765"/>
</kw>
<kw name="Set Variable" owner="BuiltIn">
<msg time="2025-10-03T17:21:04.520361" level="INFO">${payload} = {'nome': 'Usuario de Testes', 'email': 'fulanlvioa@qa.com', 'password': 'teste', 'administrador': 'true'}</msg>
<var>${payload}</var>
<arg>${json["user_valido"]}</arg>
<doc>Returns the given values which can then be assigned to a variables.</doc>
<status status="PASS" start="2025-10-03T17:21:04.519773" elapsed="0.000625"/>
</kw>
<status status="PASS" start="2025-10-03T17:21:04.511245" elapsed="0.009287"/>
</kw>
<kw name="POST Endpoint /usuarios" owner="usuarios_keywords">
<kw name="POST On Session" owner="RequestsLibrary">
<msg time="2025-10-03T17:21:04.690820" level="INFO">POST Request : url=https://serverest.dev/usuarios 
 path_url=/usuarios 
 headers={'User-Agent': 'python-requests/2.32.5', 'Accept-Encoding': 'gzip, deflate', 'Accept': '*/*', 'Connection': 'keep-alive', 'Content-Length': '106', 'Content-Type': 'application/json'} 
 body=b'{"nome": "Esther da Mata", "email": "dporto@example.org", "password": "senha123", "administrador": "true"}' 
 </msg>
<msg time="2025-10-03T17:21:04.690958" level="INFO">POST Response : url=https://serverest.dev/usuarios 
 status=201, reason=Created 
 headers={'access-control-allow-origin': '*', 'x-dns-prefetch-control': 'off', 'x-frame-options': 'SAMEORIGIN', 'strict-transport-security': 'max-age=15552000; includeSubDomains', 'x-download-options': 'noopen', 'x-content-type-options': 'nosniff', 'x-xss-protection': '1; mode=block', 'content-type': 'application/json; charset=utf-8', 'x-cloud-trace-context': '937b251776b4988d6adaae00e4d78303', 'date': 'Fri, 03 Oct 2025 20:21:01 GMT', 'server': 'Google Frontend', 'Content-Length': '82'} 
 body={
    "message": "Cadastro realizado com sucesso",
    "_id": "Bp1Kg4ZE2xnrfUeU"
} 
 </msg>
<msg time="2025-10-03T17:21:04.691063" level="INFO">C:\Users\James\AppData\Local\Programs\Python\Python313\Lib\site-packages\urllib3\connectionpool.py:1097: InsecureRequestWarning: Unverified HTTPS request is being made to host 'serverest.dev'. Adding certificate verification is strongly advised. See: https://urllib3.readthedocs.io/en/latest/advanced-usage.html#tls-warnings
  warnings.warn(</msg>
<msg time="2025-10-03T17:21:04.691590" level="INFO">${response} = &lt;Response [201]&gt;</msg>
<var>${response}</var>
<arg>ServeRest</arg>
<arg>/usuarios</arg>
<arg>json=&amp;{payload}</arg>
<doc>Sends a POST request on a previously created HTTP Session.</doc>
<status status="PASS" start="2025-10-03T17:21:04.521914" elapsed="0.169749"/>
</kw>
<kw name="Log To Console" owner="BuiltIn">
<arg>Response: ${response.content}</arg>
<doc>Logs the given message to the console.</doc>
<status status="PASS" start="2025-10-03T17:21:04.692035" elapsed="0.003455"/>
</kw>
<kw name="Set Global Variable" owner="BuiltIn">
<msg time="2025-10-03T17:21:04.696230" level="INFO">${response} = &lt;Response [201]&gt;</msg>
<arg>${response}</arg>
<doc>Makes a variable available globally in all tests and suites.</doc>
<status status="PASS" start="2025-10-03T17:21:04.695820" elapsed="0.000498"/>
</kw>
<status status="PASS" start="2025-10-03T17:21:04.521268" elapsed="0.175182"/>
</kw>
<kw name="Validar Status Code" owner="common">
<kw name="Convert To Integer" owner="BuiltIn">
<msg time="2025-10-03T17:21:04.698462" level="INFO">${status_code} = 201</msg>
<var>${status_code}</var>
<arg>${status_code}</arg>
<doc>Converts the given item to an integer number.</doc>
<status status="PASS" start="2025-10-03T17:21:04.697871" elapsed="0.000711"/>
</kw>
<kw name="Should Be Equal" owner="BuiltIn">
<arg>${response.status_code}</arg>
<arg>${status_code}</arg>
<doc>Fails if the given objects are unequal.</doc>
<status status="PASS" start="2025-10-03T17:21:04.698895" elapsed="0.001049"/>
</kw>
<arg>201</arg>
<status status="PASS" start="2025-10-03T17:21:04.697127" elapsed="0.002986"/>
</kw>
<tag>POSTMASSAESTATICA</tag>
<status status="PASS" start="2025-10-03T17:21:04.499672" elapsed="0.201085"/>
</test>
<doc>Arquivo de Testes para Endpoint /Usuarios</doc>
<status status="PASS" start="2025-10-03T17:21:02.150464" elapsed="2.552446"/>
</suite>
<statistics>
<total>
<stat pass="5" fail="0" skip="0">All Tests</stat>
</total>
<tag>
<stat pass="1" fail="0" skip="0">DELETE</stat>
<stat pass="1" fail="0" skip="0">GET</stat>
<stat pass="1" fail="0" skip="0">POST</stat>
<stat pass="1" fail="0" skip="0">POSTMASSAESTATICA</stat>
<stat pass="1" fail="0" skip="0">PUT</stat>
</tag>
<suite>
<stat name="Usuarios Test" id="s1" pass="5" fail="0" skip="0">Usuarios Test</stat>
</suite>
</statistics>
<errors>
</errors>
</robot>
