<?xml version="1.0" encoding="UTF-8"?>
<robot generator="Robot 7.3.2 (Python 3.13.7 on win32)" generated="2025-10-04T11:05:44.473212" rpa="false" schemaversion="5">
<suite id="s1" name="Usuarios Test" source="C:\Users\James\TrilhaRobotFramework\Trilha_Robot_Framework\tests\usuarios_test.robot">
<kw name="Criar Sessao" owner="base" type="SETUP">
<kw name="Create Session" owner="RequestsLibrary">
<msg time="2025-10-04T11:05:45.006947" level="INFO">Creating Session using : alias=ServeRest, url=https://serverest.dev/, headers={},                     cookies={}, auth=None, timeout=None, proxies=None, verify=False,                     debug=0 </msg>
<arg>ServeRest</arg>
<arg>${BASE_URL}</arg>
<doc>Create Session: create a HTTP session to a server</doc>
<status status="PASS" start="2025-10-04T11:05:45.006706" elapsed="0.000469"/>
</kw>
<status status="PASS" start="2025-10-04T11:05:45.005680" elapsed="0.001620"/>
</kw>
<test id="s1-t1" name="Cenario: GET Todos os Usuarios 200" line="11">
<kw name="GET Endpoint /usuarios" owner="usuarios_keywords">
<kw name="GET On Session" owner="RequestsLibrary">
<msg time="2025-10-04T11:05:45.438767" level="INFO">GET Request : url=https://serverest.dev/usuarios 
 path_url=/usuarios 
 headers={'User-Agent': 'python-requests/2.32.5', 'Accept-Encoding': 'gzip, deflate', 'Accept': '*/*', 'Connection': 'keep-alive'} 
 body=None 
 </msg>
<msg time="2025-10-04T11:05:45.439003" level="INFO">GET Response : url=https://serverest.dev/usuarios 
 status=200, reason=OK 
 headers={'access-control-allow-origin': '*', 'x-dns-prefetch-control': 'off', 'x-frame-options': 'SAMEORIGIN', 'strict-transport-security': 'max-age=15552000; includeSubDomains', 'x-download-options': 'noopen', 'x-content-type-options': 'nosniff', 'x-xss-protection': '1; mode=block', 'content-type': 'application/json; charset=utf-8', 'x-cloud-trace-context': 'c41338b491b5645e184e7752cc8ce477;o=1', 'date': 'Sat, 04 Oct 2025 14:05:45 GMT', 'server': 'Google Frontend', 'Content-Length': '17530'} 
 body={
    "quantidade": 79,
    "usuarios": [
        {
            "nome": "Fulano da Silva",
            "email": "fulano@qa.com",
            "password": "teste",
            "administrador": "true",
            "_id": "0uxuPY0cbmQhpEz1"
        },
        {
            "nome": "Sr. Thomas Novaes",
            "email": "da-conceicaootto@example.org",
            "password": "senha123",
            "administrador": "true",
            "_id": "0wEFUSNT54Cq4Sur"
        },
        {
            "nome": "Nome de teste",
            "email": "lsxq@teste.com",
            "password": "teste123",
            "administrador": "true",
            "_id": "17plz5lhtWTg8ma5"
        },
        {
            "nome": "Kelsie",
            "email": "Greg.Erdman@gmail.com",
            "password": "1T_2D3pgNz_5iu7",
            "administrador": "true",
            "_id": "1R5nvNQvnWazKNoo"
        },
        {
            "nome": "Cypress Admin 1759580217559",
            "email": "cypress_admin_1759580217559@cypress.com",
            "password": "123456",
            "administrador": "true",
            "_id": "1ojo7X33rpxGnh9M"
        },
        {
            "nome": "Vicente",
            "email": "Aimee.Beier@hotmail.com",
            "password": "3QIsCYCV4wTIBqJ",
            "administrador": "true",
            "_id": "2cLUwxhdmSMyV7iD"
        },
        {
            "nome": "Cypress Admin 1759580241940",
            "email": "cypress_admin_1759580241940@cypress.com",
            "password": "123456",
            "administrador": "true",
            "_id": "4JCBxnfUX7AbOlLC"
        },
        {
            "nome": "Cypress Admin 1759580234877",
            "email": "cypress_admin_1759580234877@cypress.com",
            "password": "123456",
            "administrador": "true",
            "_id": "4a14ZUVijrBuBNxz"
        },
        {
            "nome": "Andre",
            "email": "andreluiz217@gmail.com",
            "password": "Test1234",
            "administrador": "false",
            "_id": "56bcClkwF6LXhx2D"
        },
        {
            "nome": "Tom Nitzsche",
            "email": "tomnitzsche@test.com",
            "password": "Test;123",
            "administrador": "true",
            "_id": "5OXIkSCtdwaO7vlG"
        },
        {
            "nome": "Eldred",
            "email": "Golden_OHara54@hotmail.com",
            "password": "H5Ul8svXwaT8vHv",
            "administrador": "true",
            "_id": "6uTZXsDGJ1Dr64ET"
        },
        {
            "nome": "Jason Gerhold",
            "email": "jasongerhold@test.com",
            "password": "Test;123",
            "administrador": "false",
            "_id": "7078sjzJqukc9x1U"
        },
        {
            "nome": "Santiago.OKon26",
            "email": "Abdullah.Osinski@hotmail.com",
            "password": "284510640",
            "administrador": "true",
            "_id": "7BIjsCuJkz8SpHrI"
        },
        {
            "nome": "Ellis32",
            "email": "Kristy5@hotmail.com",
            "password": "564557789",
            "administrador": "true",
            "_id": "7JLnhWQF22QpWQcw"
        },
        {
            "nome": "Benicio Aparecida",
            "email": "raul81@example.com",
            "password": "senha123",
            "administrador": "true",
            "_id": "8vb1YqgIoUmL03qw"
        },
        {
            "nome": "Cypress Admin 1759580213778",
            "email": "cypress_admin_1759580213778@cypress.com",
            "password": "123456",
            "administrador": "true",
            "_id": "9PgN7NZa4qEsf1iX"
        },
        {
            "nome": "Chance",
            "email": "Madaline_Vandervort@hotmail.com",
            "password": "7hQ6I_NI103Zsdy",
            "administrador": "true",
            "_id": "AwoQxGVfli3OuGAq"
        },
        {
            "nome": "Cypress Admin 1759580209712",
            "email": "cypress_admin_1759580209712@cypress.com",
            "password": "123456",
            "administrador": "true",
            "_id": "BQDQJDSB0qizjMpg"
        },
        {
            "nome": "Bo",
            "email": "Hope87@hotmail.com",
            "password": "z1mJ0o7H1231icX",
            "administrador": "true",
            "_id": "CJtHyLSVsU4JdJZm"
        },
        {
            "nome": "Cypress Admin 1759580213177",
            "email": "cypress_admin_1759580213177@cypress.com",
            "password": "123456",
            "administrador": "true",
            "_id": "CzRr9iH6xzd7Af06"
        },
        {
            "nome": "Test",
            "email": "Test48@test.com",
            "password": "Test1234",
            "administrador": "false",
            "_id": "Ez0oevGf9OpFDmuH"
        },
        {
            "nome": "Test",
            "email": "Test60@test.com",
            "password": "Test1234",
            "administrador": "false",
            "_id": "FZRPrbq17HuDIP4n"
        },
        {
            "nome": "Jaime",
            "email": "Alford_Wuckert22@yahoo.com",
            "password": "B3qmc7m1R1uBebD",
            "administrador": "true",
            "_id": "GYz42Tyi1Dw6HniI"
        },
        {
            "nome": "Nome de teste",
            "email": "petq@teste.com",
            "password": "teste123",
            "administrador": "true",
            "_id": "HtRv4wR9arDl1CPe"
        },
        {
            "nome": "Maybelle",
            "email": "Rita_Reichel9@gmail.com",
            "password": "UHF3HutbgwiflfB",
            "administrador": "true",
            "_id": "IYm0LlLfy6zrI2u9"
        },
        {
            "nome": "Pierce",
            "email": "Hoyt_Mante@gmail.com",
            "password": "AKA2QY7hsC7GwgR",
            "administrador": "true",
            "_id": "IuFHmV51B9g21QLc"
        },
        {
            "nome": "Josefa",
            "email": "Jeffrey.Kessler@gmail.com",
            "password": "VAkZt2vlxvRMngm",
            "administrador": "true",
            "_id": "K1doE9W2O99lbRy5"
        },
        {
            "nome": "Brisa",
            "email": "Maudie79@yahoo.com",
            "password": "EocrbXi7CipYZYg",
            "administrador": "true",
            "_id": "KdfKlmBnS2PSEmCF"
        },
        {
            "nome": "Pat Marvin",
            "email": "patmarvin@test.com",
            "password": "Test;123",
            "administrador": "false",
            "_id": "KwULvyqZq0qICat3"
        },
        {
            "nome": "Carole",
            "email": "Orion.Strosin@gmail.com",
            "password": "Q4I0R66ZioCp3tm",
            "administrador": "true",
            "_id": "LhgzZo56L9zlgxNp"
        },
        {
            "nome": "Srta. Ana Julia Porto",
            "email": "da-costaclara@example.net",
            "password": "senha123",
            "administrador": "true",
            "_id": "O4VrviV2rRBSSpz4"
        },
        {
            "nome": "Cody",
            "email": "Amira.Welch23@hotmail.com",
            "password": "St4c5zN_cb7R8Nt",
            "administrador": "true",
            "_id": "OCvdtflaKbDnLQgn"
        },
        {
            "nome": "Doris Grant",
            "email": "dorisgrant@test.com",
            "password": "Test;123",
            "administrador": "true",
            "_id": "OXxH8eQNhx3Oru5h"
        },
        {
            "nome": "Dave Bartell",
            "email": "davebartell@test.com",
            "password": "Test;123",
            "administrador": "true",
            "_id": "QQPMWPi9nusnEgh9"
        },
        {
            "nome": "Cypress Admin 1759580210024",
            "email": "cypress_admin_1759580210024@cypress.com",
            "password": "123456",
            "administrador": "true",
            "_id": "RX93LbCvsdauVLyC"
        },
        {
            "nome": "Lucas Lopes",
            "email": "pedro-lucas40@example.com",
            "password": "senha123",
            "administrador": "true",
            "_id": "Ra2QKztagzCFyAy4"
        },
        {
            "nome": "Eloá Dias",
            "email": "valentimda-costa@example.com",
            "password": "senha123",
            "administrador": "true",
            "_id": "SMTmlJ5OLi1Jpkep"
        },
        {
            "nome": "Srta. Letícia Araújo",
            "email": "marquessophie@example.com",
            "password": "senha123",
            "administrador": "true",
            "_id": "Tk6ho8DvQwKlFTCg"
        },
        {
            "nome": "Rodrigo Silveira",
            "email": "da-cunhaalexia@example.com",
            "password": "senha123",
            "administrador": "true",
            "_id": "TrB0Df8L7ZwzAM1F"
        },
        {
            "nome": "Telly",
            "email": "Dorcas.Bayer33@gmail.com",
            "password": "A1Spcr8MprmPWMt",
            "administrador": "true",
            "_id": "U0JzGr9IsIGkDeEG"
        },
        {
            "nome": "Anna Cummings",
            "email": "deliaeffertz@test.com",
            "password": "Test;123",
            "administrador": "true",
            "_id": "UPiJJz1LZCmTidy2"
        },
        {
            "nome": "Cypress User 1759580223759",
            "email": "Cypress_1759580223759@Cypress.com",
            "password": "123456",
            "administrador": "true",
            "_id": "UeMg5AyP5sAeB2aG"
        },
        {
            "nome": "Test",
            "email": "Test43@test.com",
            "password": "Test1234",
            "administrador": "false",
            "_id": "UmXkZWCU9pPRGTxq"
        },
        {
            "nome": "Tobin",
            "email": "Denis.Koch@yahoo.com",
            "password": "G6zUW9r6PSz78e4",
            "administrador": "true",
            "_id": "Vn8Pm5QdW3ITDs2s"
        },
        {
            "nome": "Wilber",
            "email": "Trent.Schmidt@yahoo.com",
            "password": "osE_b0YfzFNlg8S",
            "administrador": "true",
            "_id": "W9mpzYNXCzxilUZ9"
        },
        {
            "nome": "Wilbert",
            "emai... (set the log level to DEBUG or TRACE to see the full content) 
 </msg>
<msg time="2025-10-04T11:05:45.439488" level="INFO">C:\Users\James\AppData\Local\Programs\Python\Python313\Lib\site-packages\urllib3\connectionpool.py:1097: InsecureRequestWarning: Unverified HTTPS request is being made to host 'serverest.dev'. Adding certificate verification is strongly advised. See: https://urllib3.readthedocs.io/en/latest/advanced-usage.html#tls-warnings
  warnings.warn(</msg>
<msg time="2025-10-04T11:05:45.439935" level="INFO">${response} = &lt;Response [200]&gt;</msg>
<var>${response}</var>
<arg>ServeRest</arg>
<arg>/usuarios</arg>
<doc>Sends a GET request on a previously created HTTP Session.</doc>
<status status="PASS" start="2025-10-04T11:05:45.008323" elapsed="0.431666"/>
</kw>
<kw name="Set Global Variable" owner="BuiltIn">
<msg time="2025-10-04T11:05:45.440565" level="INFO">${response} = &lt;Response [200]&gt;</msg>
<arg>${response}</arg>
<doc>Makes a variable available globally in all tests and suites.</doc>
<status status="PASS" start="2025-10-04T11:05:45.440218" elapsed="0.000413"/>
</kw>
<tag>GET</tag>
<status status="PASS" start="2025-10-04T11:05:45.008060" elapsed="0.432669"/>
</kw>
<kw name="Validar Status Code" owner="common">
<kw name="Convert To Integer" owner="BuiltIn">
<msg time="2025-10-04T11:05:45.441773" level="INFO">${status_code} = 200</msg>
<var>${status_code}</var>
<arg>${status_code}</arg>
<doc>Converts the given item to an integer number.</doc>
<status status="PASS" start="2025-10-04T11:05:45.441541" elapsed="0.000264"/>
</kw>
<kw name="Should Be Equal" owner="BuiltIn">
<arg>${response.status_code}</arg>
<arg>${status_code}</arg>
<doc>Fails if the given objects are unequal.</doc>
<status status="PASS" start="2025-10-04T11:05:45.441944" elapsed="0.000598"/>
</kw>
<arg>200</arg>
<status status="PASS" start="2025-10-04T11:05:45.441177" elapsed="0.001446"/>
</kw>
<tag>GET</tag>
<status status="PASS" start="2025-10-04T11:05:45.007414" elapsed="0.435567"/>
</test>
<test id="s1-t2" name="Cenario: POST Cadastrar Usuario 201" line="17">
<kw name="Criar Dados Usuario Valido" owner="dynamics">
<kw name="Name" owner="FakerLibrary">
<msg time="2025-10-04T11:05:45.448671" level="INFO">${nome} = Alexandre da Luz</msg>
<var>${nome}</var>
<doc>:example: 'John Doe'</doc>
<status status="PASS" start="2025-10-04T11:05:45.444782" elapsed="0.003939"/>
</kw>
<kw name="Email" owner="FakerLibrary">
<msg time="2025-10-04T11:05:45.449349" level="INFO">${email} = allanafarias@example.net</msg>
<var>${email}</var>
<status status="PASS" start="2025-10-04T11:05:45.448924" elapsed="0.000496"/>
</kw>
<kw name="Create Dictionary" owner="BuiltIn">
<msg time="2025-10-04T11:05:45.450210" level="INFO">&amp;{payload} = { nome=Alexandre da Luz | email=allanafarias@example.net | password=senha123 | administrador=true }</msg>
<var>&amp;{payload}</var>
<arg>nome=${nome}</arg>
<arg>email=${email}</arg>
<arg>password=senha123</arg>
<arg>administrador=true</arg>
<doc>Creates and returns a dictionary based on the given ``items``.</doc>
<status status="PASS" start="2025-10-04T11:05:45.449632" elapsed="0.000620"/>
</kw>
<kw name="Log To Console" owner="BuiltIn">
<arg>${payload}</arg>
<doc>Logs the given message to the console.</doc>
<status status="PASS" start="2025-10-04T11:05:45.450456" elapsed="0.000417"/>
</kw>
<kw name="Set Global Variable" owner="BuiltIn">
<msg time="2025-10-04T11:05:45.451394" level="INFO">${payload} = {'nome': 'Alexandre da Luz', 'email': 'allanafarias@example.net', 'password': 'senha123', 'administrador': 'true'}</msg>
<arg>${payload}</arg>
<doc>Makes a variable available globally in all tests and suites.</doc>
<status status="PASS" start="2025-10-04T11:05:45.451082" elapsed="0.000457"/>
</kw>
<status status="PASS" start="2025-10-04T11:05:45.444502" elapsed="0.007129"/>
</kw>
<kw name=" POST Endpoint /usuarios" owner="usuarios_keywords">
<kw name="POST On Session" owner="RequestsLibrary">
<msg time="2025-10-04T11:05:45.622913" level="INFO">POST Request : url=https://serverest.dev/usuarios 
 path_url=/usuarios 
 headers={'User-Agent': 'python-requests/2.32.5', 'Accept-Encoding': 'gzip, deflate', 'Accept': '*/*', 'Connection': 'keep-alive', 'Content-Length': '114', 'Content-Type': 'application/json'} 
 body=b'{"nome": "Alexandre da Luz", "email": "allanafarias@example.net", "password": "senha123", "administrador": "true"}' 
 </msg>
<msg time="2025-10-04T11:05:45.623030" level="INFO">POST Response : url=https://serverest.dev/usuarios 
 status=201, reason=Created 
 headers={'access-control-allow-origin': '*', 'x-dns-prefetch-control': 'off', 'x-frame-options': 'SAMEORIGIN', 'strict-transport-security': 'max-age=15552000; includeSubDomains', 'x-download-options': 'noopen', 'x-content-type-options': 'nosniff', 'x-xss-protection': '1; mode=block', 'content-type': 'application/json; charset=utf-8', 'x-cloud-trace-context': 'ca946a1c28d3f4ad184e7752cc8ce8e2', 'date': 'Sat, 04 Oct 2025 14:05:45 GMT', 'server': 'Google Frontend', 'Content-Length': '82'} 
 body={
    "message": "Cadastro realizado com sucesso",
    "_id": "jAzPV5UwN1RKS2XE"
} 
 </msg>
<msg time="2025-10-04T11:05:45.623140" level="INFO">C:\Users\James\AppData\Local\Programs\Python\Python313\Lib\site-packages\urllib3\connectionpool.py:1097: InsecureRequestWarning: Unverified HTTPS request is being made to host 'serverest.dev'. Adding certificate verification is strongly advised. See: https://urllib3.readthedocs.io/en/latest/advanced-usage.html#tls-warnings
  warnings.warn(</msg>
<msg time="2025-10-04T11:05:45.623531" level="INFO">${response} = &lt;Response [201]&gt;</msg>
<var>${response}</var>
<arg>ServeRest</arg>
<arg>/usuarios</arg>
<arg>json=&amp;{payload}</arg>
<doc>Sends a POST request on a previously created HTTP Session.</doc>
<status status="PASS" start="2025-10-04T11:05:45.452889" elapsed="0.170698"/>
</kw>
<kw name="Log To Console" owner="BuiltIn">
<arg>Response: ${response.content}</arg>
<doc>Logs the given message to the console.</doc>
<status status="PASS" start="2025-10-04T11:05:45.623816" elapsed="0.000868"/>
</kw>
<kw name="Set Global Variable" owner="BuiltIn">
<msg time="2025-10-04T11:05:45.625105" level="INFO">${response} = &lt;Response [201]&gt;</msg>
<arg>${response}</arg>
<doc>Makes a variable available globally in all tests and suites.</doc>
<status status="PASS" start="2025-10-04T11:05:45.624869" elapsed="0.000288"/>
</kw>
<status status="PASS" start="2025-10-04T11:05:45.452522" elapsed="0.172707"/>
</kw>
<kw name="Validar Status Code" owner="common">
<kw name="Convert To Integer" owner="BuiltIn">
<msg time="2025-10-04T11:05:45.626143" level="INFO">${status_code} = 201</msg>
<var>${status_code}</var>
<arg>${status_code}</arg>
<doc>Converts the given item to an integer number.</doc>
<status status="PASS" start="2025-10-04T11:05:45.625914" elapsed="0.000262"/>
</kw>
<kw name="Should Be Equal" owner="BuiltIn">
<arg>${response.status_code}</arg>
<arg>${status_code}</arg>
<doc>Fails if the given objects are unequal.</doc>
<status status="PASS" start="2025-10-04T11:05:45.626310" elapsed="0.000523"/>
</kw>
<arg>201</arg>
<status status="PASS" start="2025-10-04T11:05:45.625613" elapsed="0.001291"/>
</kw>
<kw name="Validar Se Mensagem Contem" owner="common">
<kw name="Should Be Equal" owner="BuiltIn">
<arg>${response.json()['message']}</arg>
<arg>${mensagem}</arg>
<doc>Fails if the given objects are unequal.</doc>
<status status="PASS" start="2025-10-04T11:05:45.627553" elapsed="0.000514"/>
</kw>
<arg>Cadastro realizado com sucesso</arg>
<status status="PASS" start="2025-10-04T11:05:45.627256" elapsed="0.000881"/>
</kw>
<tag>POST</tag>
<status status="PASS" start="2025-10-04T11:05:45.443872" elapsed="0.184577"/>
</test>
<test id="s1-t3" name="Cenario: PUT Editar Usuario 200" line="25">
<kw name="Criar Dados Usuario Valido" owner="dynamics">
<kw name="Name" owner="FakerLibrary">
<msg time="2025-10-04T11:05:45.630458" level="INFO">${nome} = Danilo Cardoso</msg>
<var>${nome}</var>
<doc>:example: 'John Doe'</doc>
<status status="PASS" start="2025-10-04T11:05:45.630222" elapsed="0.000269"/>
</kw>
<kw name="Email" owner="FakerLibrary">
<msg time="2025-10-04T11:05:45.630894" level="INFO">${email} = araujomathias@example.net</msg>
<var>${email}</var>
<status status="PASS" start="2025-10-04T11:05:45.630671" elapsed="0.000252"/>
</kw>
<kw name="Create Dictionary" owner="BuiltIn">
<msg time="2025-10-04T11:05:45.632271" level="INFO">&amp;{payload} = { nome=Danilo Cardoso | email=araujomathias@example.net | password=senha123 | administrador=true }</msg>
<var>&amp;{payload}</var>
<arg>nome=${nome}</arg>
<arg>email=${email}</arg>
<arg>password=senha123</arg>
<arg>administrador=true</arg>
<doc>Creates and returns a dictionary based on the given ``items``.</doc>
<status status="PASS" start="2025-10-04T11:05:45.631047" elapsed="0.001269"/>
</kw>
<kw name="Log To Console" owner="BuiltIn">
<arg>${payload}</arg>
<doc>Logs the given message to the console.</doc>
<status status="PASS" start="2025-10-04T11:05:45.632487" elapsed="0.000461"/>
</kw>
<kw name="Set Global Variable" owner="BuiltIn">
<msg time="2025-10-04T11:05:45.633394" level="INFO">${payload} = {'nome': 'Danilo Cardoso', 'email': 'araujomathias@example.net', 'password': 'senha123', 'administrador': 'true'}</msg>
<arg>${payload}</arg>
<doc>Makes a variable available globally in all tests and suites.</doc>
<status status="PASS" start="2025-10-04T11:05:45.633140" elapsed="0.000308"/>
</kw>
<status status="PASS" start="2025-10-04T11:05:45.629943" elapsed="0.003592"/>
</kw>
<kw name=" POST Endpoint /usuarios" owner="usuarios_keywords">
<kw name="POST On Session" owner="RequestsLibrary">
<msg time="2025-10-04T11:05:45.800809" level="INFO">POST Request : url=https://serverest.dev/usuarios 
 path_url=/usuarios 
 headers={'User-Agent': 'python-requests/2.32.5', 'Accept-Encoding': 'gzip, deflate', 'Accept': '*/*', 'Connection': 'keep-alive', 'Content-Length': '113', 'Content-Type': 'application/json'} 
 body=b'{"nome": "Danilo Cardoso", "email": "araujomathias@example.net", "password": "senha123", "administrador": "true"}' 
 </msg>
<msg time="2025-10-04T11:05:45.800913" level="INFO">POST Response : url=https://serverest.dev/usuarios 
 status=201, reason=Created 
 headers={'access-control-allow-origin': '*', 'x-dns-prefetch-control': 'off', 'x-frame-options': 'SAMEORIGIN', 'strict-transport-security': 'max-age=15552000; includeSubDomains', 'x-download-options': 'noopen', 'x-content-type-options': 'nosniff', 'x-xss-protection': '1; mode=block', 'content-type': 'application/json; charset=utf-8', 'x-cloud-trace-context': '0758fcb6e07f8c30184e7752cc8ce645', 'date': 'Sat, 04 Oct 2025 14:05:46 GMT', 'server': 'Google Frontend', 'Content-Length': '82'} 
 body={
    "message": "Cadastro realizado com sucesso",
    "_id": "1xTSg6sd0u2unpji"
} 
 </msg>
<msg time="2025-10-04T11:05:45.800978" level="INFO">C:\Users\James\AppData\Local\Programs\Python\Python313\Lib\site-packages\urllib3\connectionpool.py:1097: InsecureRequestWarning: Unverified HTTPS request is being made to host 'serverest.dev'. Adding certificate verification is strongly advised. See: https://urllib3.readthedocs.io/en/latest/advanced-usage.html#tls-warnings
  warnings.warn(</msg>
<msg time="2025-10-04T11:05:45.801301" level="INFO">${response} = &lt;Response [201]&gt;</msg>
<var>${response}</var>
<arg>ServeRest</arg>
<arg>/usuarios</arg>
<arg>json=&amp;{payload}</arg>
<doc>Sends a POST request on a previously created HTTP Session.</doc>
<status status="PASS" start="2025-10-04T11:05:45.634249" elapsed="0.167087"/>
</kw>
<kw name="Log To Console" owner="BuiltIn">
<arg>Response: ${response.content}</arg>
<doc>Logs the given message to the console.</doc>
<status status="PASS" start="2025-10-04T11:05:45.801514" elapsed="0.000659"/>
</kw>
<kw name="Set Global Variable" owner="BuiltIn">
<msg time="2025-10-04T11:05:45.802546" level="INFO">${response} = &lt;Response [201]&gt;</msg>
<arg>${response}</arg>
<doc>Makes a variable available globally in all tests and suites.</doc>
<status status="PASS" start="2025-10-04T11:05:45.802315" elapsed="0.000279"/>
</kw>
<status status="PASS" start="2025-10-04T11:05:45.633934" elapsed="0.168722"/>
</kw>
<kw name="PUT Endpoint /usuarios" owner="usuarios_keywords">
<kw name="PUT On Session" owner="RequestsLibrary">
<msg time="2025-10-04T11:05:45.970314" level="INFO">PUT Request : url=https://serverest.dev/usuarios/1xTSg6sd0u2unpji 
 path_url=/usuarios/1xTSg6sd0u2unpji 
 headers={'User-Agent': 'python-requests/2.32.5', 'Accept-Encoding': 'gzip, deflate', 'Accept': '*/*', 'Connection': 'keep-alive', 'Content-Length': '113', 'Content-Type': 'application/json'} 
 body=b'{"nome": "Danilo Cardoso", "email": "araujomathias@example.net", "password": "senha123", "administrador": "true"}' 
 </msg>
<msg time="2025-10-04T11:05:45.970477" level="INFO">PUT Response : url=https://serverest.dev/usuarios/1xTSg6sd0u2unpji 
 status=200, reason=OK 
 headers={'access-control-allow-origin': '*', 'x-dns-prefetch-control': 'off', 'x-frame-options': 'SAMEORIGIN', 'strict-transport-security': 'max-age=15552000; includeSubDomains', 'x-download-options': 'noopen', 'x-content-type-options': 'nosniff', 'x-xss-protection': '1; mode=block', 'content-type': 'application/json; charset=utf-8', 'x-cloud-trace-context': 'bf789bd0afb03613184e7752cc8ceac7', 'date': 'Sat, 04 Oct 2025 14:05:46 GMT', 'server': 'Google Frontend', 'Content-Length': '50'} 
 body={
    "message": "Registro alterado com sucesso"
} 
 </msg>
<msg time="2025-10-04T11:05:45.970573" level="INFO">C:\Users\James\AppData\Local\Programs\Python\Python313\Lib\site-packages\urllib3\connectionpool.py:1097: InsecureRequestWarning: Unverified HTTPS request is being made to host 'serverest.dev'. Adding certificate verification is strongly advised. See: https://urllib3.readthedocs.io/en/latest/advanced-usage.html#tls-warnings
  warnings.warn(</msg>
<msg time="2025-10-04T11:05:45.971048" level="INFO">${response} = &lt;Response [200]&gt;</msg>
<var>${response}</var>
<arg>ServeRest</arg>
<arg>/usuarios/${response.json()["_id"]}</arg>
<arg>json=&amp;{payload}</arg>
<doc>Sends a PUT request on a previously created HTTP Session.</doc>
<status status="PASS" start="2025-10-04T11:05:45.803236" elapsed="0.167869"/>
</kw>
<kw name="Log To Console" owner="BuiltIn">
<arg>Response: ${response.content}</arg>
<doc>Logs the given message to the console.</doc>
<status status="PASS" start="2025-10-04T11:05:45.971422" elapsed="0.000981"/>
</kw>
<kw name="Set Global Variable" owner="BuiltIn">
<msg time="2025-10-04T11:05:45.972891" level="INFO">${response} = &lt;Response [200]&gt;</msg>
<arg>${response}</arg>
<doc>Makes a variable available globally in all tests and suites.</doc>
<status status="PASS" start="2025-10-04T11:05:45.972616" elapsed="0.000338"/>
</kw>
<status status="PASS" start="2025-10-04T11:05:45.802996" elapsed="0.170044"/>
</kw>
<kw name="Validar Status Code" owner="common">
<kw name="Convert To Integer" owner="BuiltIn">
<msg time="2025-10-04T11:05:45.974204" level="INFO">${status_code} = 200</msg>
<var>${status_code}</var>
<arg>${status_code}</arg>
<doc>Converts the given item to an integer number.</doc>
<status status="PASS" start="2025-10-04T11:05:45.973917" elapsed="0.000326"/>
</kw>
<kw name="Should Be Equal" owner="BuiltIn">
<arg>${response.status_code}</arg>
<arg>${status_code}</arg>
<doc>Fails if the given objects are unequal.</doc>
<status status="PASS" start="2025-10-04T11:05:45.974402" elapsed="0.000615"/>
</kw>
<arg>200</arg>
<status status="PASS" start="2025-10-04T11:05:45.973489" elapsed="0.001618"/>
</kw>
<tag>PUT</tag>
<status status="PASS" start="2025-10-04T11:05:45.629304" elapsed="0.346162"/>
</test>
<test id="s1-t4" name="Cenario: DELETE Deletar Usuario 200" line="32">
<kw name="Criar Dados Usuario Valido" owner="dynamics">
<kw name="Name" owner="FakerLibrary">
<msg time="2025-10-04T11:05:45.977373" level="INFO">${nome} = Fernanda Aparecida</msg>
<var>${nome}</var>
<doc>:example: 'John Doe'</doc>
<status status="PASS" start="2025-10-04T11:05:45.977177" elapsed="0.000231"/>
</kw>
<kw name="Email" owner="FakerLibrary">
<msg time="2025-10-04T11:05:45.977777" level="INFO">${email} = hcamara@example.org</msg>
<var>${email}</var>
<status status="PASS" start="2025-10-04T11:05:45.977552" elapsed="0.000341"/>
</kw>
<kw name="Create Dictionary" owner="BuiltIn">
<msg time="2025-10-04T11:05:45.978434" level="INFO">&amp;{payload} = { nome=Fernanda Aparecida | email=hcamara@example.org | password=senha123 | administrador=true }</msg>
<var>&amp;{payload}</var>
<arg>nome=${nome}</arg>
<arg>email=${email}</arg>
<arg>password=senha123</arg>
<arg>administrador=true</arg>
<doc>Creates and returns a dictionary based on the given ``items``.</doc>
<status status="PASS" start="2025-10-04T11:05:45.978049" elapsed="0.000422"/>
</kw>
<kw name="Log To Console" owner="BuiltIn">
<arg>${payload}</arg>
<doc>Logs the given message to the console.</doc>
<status status="PASS" start="2025-10-04T11:05:45.978614" elapsed="0.000371"/>
</kw>
<kw name="Set Global Variable" owner="BuiltIn">
<msg time="2025-10-04T11:05:45.979431" level="INFO">${payload} = {'nome': 'Fernanda Aparecida', 'email': 'hcamara@example.org', 'password': 'senha123', 'administrador': 'true'}</msg>
<arg>${payload}</arg>
<doc>Makes a variable available globally in all tests and suites.</doc>
<status status="PASS" start="2025-10-04T11:05:45.979152" elapsed="0.000365"/>
</kw>
<status status="PASS" start="2025-10-04T11:05:45.976880" elapsed="0.002760"/>
</kw>
<kw name=" POST Endpoint /usuarios" owner="usuarios_keywords">
<kw name="POST On Session" owner="RequestsLibrary">
<msg time="2025-10-04T11:05:46.147807" level="INFO">POST Request : url=https://serverest.dev/usuarios 
 path_url=/usuarios 
 headers={'User-Agent': 'python-requests/2.32.5', 'Accept-Encoding': 'gzip, deflate', 'Accept': '*/*', 'Connection': 'keep-alive', 'Content-Length': '111', 'Content-Type': 'application/json'} 
 body=b'{"nome": "Fernanda Aparecida", "email": "hcamara@example.org", "password": "senha123", "administrador": "true"}' 
 </msg>
<msg time="2025-10-04T11:05:46.147955" level="INFO">POST Response : url=https://serverest.dev/usuarios 
 status=201, reason=Created 
 headers={'access-control-allow-origin': '*', 'x-dns-prefetch-control': 'off', 'x-frame-options': 'SAMEORIGIN', 'strict-transport-security': 'max-age=15552000; includeSubDomains', 'x-download-options': 'noopen', 'x-content-type-options': 'nosniff', 'x-xss-protection': '1; mode=block', 'content-type': 'application/json; charset=utf-8', 'x-cloud-trace-context': 'a0d32a3c16f4ebc1184e7752cc8ce2cd', 'date': 'Sat, 04 Oct 2025 14:05:46 GMT', 'server': 'Google Frontend', 'Content-Length': '82'} 
 body={
    "message": "Cadastro realizado com sucesso",
    "_id": "vdndDakwX7dz46rB"
} 
 </msg>
<msg time="2025-10-04T11:05:46.148042" level="INFO">C:\Users\James\AppData\Local\Programs\Python\Python313\Lib\site-packages\urllib3\connectionpool.py:1097: InsecureRequestWarning: Unverified HTTPS request is being made to host 'serverest.dev'. Adding certificate verification is strongly advised. See: https://urllib3.readthedocs.io/en/latest/advanced-usage.html#tls-warnings
  warnings.warn(</msg>
<msg time="2025-10-04T11:05:46.148500" level="INFO">${response} = &lt;Response [201]&gt;</msg>
<var>${response}</var>
<arg>ServeRest</arg>
<arg>/usuarios</arg>
<arg>json=&amp;{payload}</arg>
<doc>Sends a POST request on a previously created HTTP Session.</doc>
<status status="PASS" start="2025-10-04T11:05:45.980615" elapsed="0.167928"/>
</kw>
<kw name="Log To Console" owner="BuiltIn">
<arg>Response: ${response.content}</arg>
<doc>Logs the given message to the console.</doc>
<status status="PASS" start="2025-10-04T11:05:46.148848" elapsed="0.003847"/>
</kw>
<kw name="Set Global Variable" owner="BuiltIn">
<msg time="2025-10-04T11:05:46.153204" level="INFO">${response} = &lt;Response [201]&gt;</msg>
<arg>${response}</arg>
<doc>Makes a variable available globally in all tests and suites.</doc>
<status status="PASS" start="2025-10-04T11:05:46.152956" elapsed="0.000307"/>
</kw>
<status status="PASS" start="2025-10-04T11:05:45.980196" elapsed="0.173154"/>
</kw>
<kw name="DELETE Endpoint /usuarios" owner="usuarios_keywords">
<kw name="DELETE On Session" owner="RequestsLibrary">
<msg time="2025-10-04T11:05:46.325434" level="INFO">DELETE Request : url=https://serverest.dev/usuarios/vdndDakwX7dz46rB 
 path_url=/usuarios/vdndDakwX7dz46rB 
 headers={'User-Agent': 'python-requests/2.32.5', 'Accept-Encoding': 'gzip, deflate', 'Accept': '*/*', 'Connection': 'keep-alive', 'Content-Length': '0'} 
 body=None 
 </msg>
<msg time="2025-10-04T11:05:46.325561" level="INFO">DELETE Response : url=https://serverest.dev/usuarios/vdndDakwX7dz46rB 
 status=200, reason=OK 
 headers={'access-control-allow-origin': '*', 'x-dns-prefetch-control': 'off', 'x-frame-options': 'SAMEORIGIN', 'strict-transport-security': 'max-age=15552000; includeSubDomains', 'x-download-options': 'noopen', 'x-content-type-options': 'nosniff', 'x-xss-protection': '1; mode=block', 'content-type': 'application/json; charset=utf-8', 'x-cloud-trace-context': 'f3a73572b3dc9c00184e7752cc8ce15c', 'date': 'Sat, 04 Oct 2025 14:05:46 GMT', 'server': 'Google Frontend', 'Content-Length': '51'} 
 body={
    "message": "Registro excluído com sucesso"
} 
 </msg>
<msg time="2025-10-04T11:05:46.325669" level="INFO">C:\Users\James\AppData\Local\Programs\Python\Python313\Lib\site-packages\urllib3\connectionpool.py:1097: InsecureRequestWarning: Unverified HTTPS request is being made to host 'serverest.dev'. Adding certificate verification is strongly advised. See: https://urllib3.readthedocs.io/en/latest/advanced-usage.html#tls-warnings
  warnings.warn(</msg>
<msg time="2025-10-04T11:05:46.326128" level="INFO">${response} = &lt;Response [200]&gt;</msg>
<var>${response}</var>
<arg>ServeRest</arg>
<arg>/usuarios/${response.json()["_id"]}</arg>
<doc>Sends a DELETE request on a previously created HTTP Session.</doc>
<status status="PASS" start="2025-10-04T11:05:46.154326" elapsed="0.171850"/>
</kw>
<kw name="Log To Console" owner="BuiltIn">
<arg>Response: ${response.content}</arg>
<doc>Logs the given message to the console.</doc>
<status status="PASS" start="2025-10-04T11:05:46.326452" elapsed="0.002293"/>
</kw>
<kw name="Set Global Variable" owner="BuiltIn">
<msg time="2025-10-04T11:05:46.329484" level="INFO">${response} = &lt;Response [200]&gt;</msg>
<arg>${response}</arg>
<doc>Makes a variable available globally in all tests and suites.</doc>
<status status="PASS" start="2025-10-04T11:05:46.329019" elapsed="0.000566"/>
</kw>
<status status="PASS" start="2025-10-04T11:05:46.153891" elapsed="0.175805"/>
</kw>
<kw name="Validar Status Code" owner="common">
<kw name="Convert To Integer" owner="BuiltIn">
<msg time="2025-10-04T11:05:46.333509" level="INFO">${status_code} = 200</msg>
<var>${status_code}</var>
<arg>${status_code}</arg>
<doc>Converts the given item to an integer number.</doc>
<status status="PASS" start="2025-10-04T11:05:46.332631" elapsed="0.001016"/>
</kw>
<kw name="Should Be Equal" owner="BuiltIn">
<arg>${response.status_code}</arg>
<arg>${status_code}</arg>
<doc>Fails if the given objects are unequal.</doc>
<status status="PASS" start="2025-10-04T11:05:46.334022" elapsed="0.000781"/>
</kw>
<arg>200</arg>
<status status="PASS" start="2025-10-04T11:05:46.331010" elapsed="0.003911"/>
</kw>
<tag>DELETE</tag>
<status status="PASS" start="2025-10-04T11:05:45.976301" elapsed="0.359097"/>
</test>
<test id="s1-t5" name="Cenario: POST Criar Usuario De Massa Estatica 201" line="39">
<kw name="Pegar Dados Usuario Estatico Valido" owner="usuarios_keywords">
<kw name="Importar JSON Estatico" owner="common">
<kw name="Get File" owner="OperatingSystem">
<msg time="2025-10-04T11:05:46.340545" level="INFO" html="true">Getting file '&lt;a href="file://C:\Users\James\TrilhaRobotFramework\Trilha_Robot_Framework\support\fixtures\static\json_usuario_ex.json"&gt;C:\Users\James\TrilhaRobotFramework\Trilha_Robot_Framework\support\fixtures\static\json_usuario_ex.json&lt;/a&gt;'.</msg>
<msg time="2025-10-04T11:05:46.341127" level="INFO">${arquivo} = {
    "user_valido":{
        "nome": "Usuario de Testes",
        "email": "fulanlvioa@qa.com" ,
        "password": "teste",
        "administrador": "true"
    },
    "user_invalido":{
        "nom...</msg>
<var>${arquivo}</var>
<arg>C:\\Users\\James\\TrilhaRobotFramework\\Trilha_Robot_Framework\\support\\common/../fixtures/static/${nome_arquivo}</arg>
<doc>Returns the contents of a specified file.</doc>
<status status="PASS" start="2025-10-04T11:05:46.340042" elapsed="0.001250"/>
</kw>
<kw name="Evaluate" owner="BuiltIn">
<msg time="2025-10-04T11:05:46.341938" level="INFO">${data} = {'user_valido': {'nome': 'Usuario de Testes', 'email': 'fulanlvioa@qa.com', 'password': 'teste', 'administrador': 'true'}, 'user_invalido': {'nome': 'Usuario Invalido', 'email': 'fulano@qa.com', 'pass...</msg>
<var>${data}</var>
<arg>json.loads('''${arquivo}''')</arg>
<arg>json</arg>
<doc>Evaluates the given expression in Python and returns the result.</doc>
<status status="PASS" start="2025-10-04T11:05:46.341493" elapsed="0.000484"/>
</kw>
<return>
<value>${data}</value>
<status status="PASS" start="2025-10-04T11:05:46.342069" elapsed="0.000062"/>
</return>
<msg time="2025-10-04T11:05:46.342311" level="INFO">${json} = {'user_valido': {'nome': 'Usuario de Testes', 'email': 'fulanlvioa@qa.com', 'password': 'teste', 'administrador': 'true'}, 'user_invalido': {'nome': 'Usuario Invalido', 'email': 'fulano@qa.com', 'pass...</msg>
<var>${json}</var>
<arg>json_usuario_ex.json</arg>
<status status="PASS" start="2025-10-04T11:05:46.339318" elapsed="0.003027"/>
</kw>
<kw name="Set Variable" owner="BuiltIn">
<msg time="2025-10-04T11:05:46.343030" level="INFO">${payload} = {'nome': 'Usuario de Testes', 'email': 'fulanlvioa@qa.com', 'password': 'teste', 'administrador': 'true'}</msg>
<var>${payload}</var>
<arg>${json["user_valido"]}</arg>
<doc>Returns the given values which can then be assigned to a variables.</doc>
<status status="PASS" start="2025-10-04T11:05:46.342491" elapsed="0.000584"/>
</kw>
<status status="PASS" start="2025-10-04T11:05:46.338255" elapsed="0.004900"/>
</kw>
<kw name=" POST Endpoint /usuarios" owner="usuarios_keywords">
<kw name="POST On Session" owner="RequestsLibrary">
<msg time="2025-10-04T11:05:46.514635" level="INFO">POST Request : url=https://serverest.dev/usuarios 
 path_url=/usuarios 
 headers={'User-Agent': 'python-requests/2.32.5', 'Accept-Encoding': 'gzip, deflate', 'Accept': '*/*', 'Connection': 'keep-alive', 'Content-Length': '111', 'Content-Type': 'application/json'} 
 body=b'{"nome": "Fernanda Aparecida", "email": "hcamara@example.org", "password": "senha123", "administrador": "true"}' 
 </msg>
<msg time="2025-10-04T11:05:46.514934" level="INFO">POST Response : url=https://serverest.dev/usuarios 
 status=201, reason=Created 
 headers={'access-control-allow-origin': '*', 'x-dns-prefetch-control': 'off', 'x-frame-options': 'SAMEORIGIN', 'strict-transport-security': 'max-age=15552000; includeSubDomains', 'x-download-options': 'noopen', 'x-content-type-options': 'nosniff', 'x-xss-protection': '1; mode=block', 'content-type': 'application/json; charset=utf-8', 'x-cloud-trace-context': '79faf2a52aaa7694184e7752cc8cebd1', 'date': 'Sat, 04 Oct 2025 14:05:46 GMT', 'server': 'Google Frontend', 'Content-Length': '82'} 
 body={
    "message": "Cadastro realizado com sucesso",
    "_id": "4hIp1LNHt4mgR5AU"
} 
 </msg>
<msg time="2025-10-04T11:05:46.515212" level="INFO">C:\Users\James\AppData\Local\Programs\Python\Python313\Lib\site-packages\urllib3\connectionpool.py:1097: InsecureRequestWarning: Unverified HTTPS request is being made to host 'serverest.dev'. Adding certificate verification is strongly advised. See: https://urllib3.readthedocs.io/en/latest/advanced-usage.html#tls-warnings
  warnings.warn(</msg>
<msg time="2025-10-04T11:05:46.516306" level="INFO">${response} = &lt;Response [201]&gt;</msg>
<var>${response}</var>
<arg>ServeRest</arg>
<arg>/usuarios</arg>
<arg>json=&amp;{payload}</arg>
<doc>Sends a POST request on a previously created HTTP Session.</doc>
<status status="PASS" start="2025-10-04T11:05:46.343919" elapsed="0.172613"/>
</kw>
<kw name="Log To Console" owner="BuiltIn">
<arg>Response: ${response.content}</arg>
<doc>Logs the given message to the console.</doc>
<status status="PASS" start="2025-10-04T11:05:46.517706" elapsed="0.007876"/>
</kw>
<kw name="Set Global Variable" owner="BuiltIn">
<msg time="2025-10-04T11:05:46.527225" level="INFO">${response} = &lt;Response [201]&gt;</msg>
<arg>${response}</arg>
<doc>Makes a variable available globally in all tests and suites.</doc>
<status status="PASS" start="2025-10-04T11:05:46.526086" elapsed="0.001403"/>
</kw>
<status status="PASS" start="2025-10-04T11:05:46.343619" elapsed="0.184221"/>
</kw>
<kw name="Validar Status Code" owner="common">
<kw name="Convert To Integer" owner="BuiltIn">
<msg time="2025-10-04T11:05:46.531885" level="INFO">${status_code} = 201</msg>
<var>${status_code}</var>
<arg>${status_code}</arg>
<doc>Converts the given item to an integer number.</doc>
<status status="PASS" start="2025-10-04T11:05:46.531086" elapsed="0.000878"/>
</kw>
<kw name="Should Be Equal" owner="BuiltIn">
<arg>${response.status_code}</arg>
<arg>${status_code}</arg>
<doc>Fails if the given objects are unequal.</doc>
<status status="PASS" start="2025-10-04T11:05:46.532448" elapsed="0.001293"/>
</kw>
<arg>201</arg>
<status status="PASS" start="2025-10-04T11:05:46.529447" elapsed="0.004537"/>
</kw>
<tag>POSTMASSAESTATICA</tag>
<status status="PASS" start="2025-10-04T11:05:46.336717" elapsed="0.198055"/>
</test>
<doc>Arquivo de Testes para Endpoint /Usuarios</doc>
<status status="PASS" start="2025-10-04T11:05:44.474922" elapsed="2.063121"/>
</suite>
<statistics>
<total>
<stat pass="5" fail="0" skip="0">All Tests</stat>
</total>
<tag>
<stat pass="1" fail="0" skip="0">DELETE</stat>
<stat pass="1" fail="0" skip="0">GET</stat>
<stat pass="1" fail="0" skip="0">POST</stat>
<stat pass="1" fail="0" skip="0">POSTMASSAESTATICA</stat>
<stat pass="1" fail="0" skip="0">PUT</stat>
</tag>
<suite>
<stat name="Usuarios Test" id="s1" pass="5" fail="0" skip="0">Usuarios Test</stat>
</suite>
</statistics>
<errors>
</errors>
</robot>
