<?xml version="1.0" encoding="UTF-8"?>
<robot generator="Robot 7.3.2 (Python 3.13.7 on win32)" generated="2025-09-19T15:07:49.103904" rpa="false" schemaversion="5">
<suite id="s1" name="Amazon Testes Gherkin Bdd" source="C:\CursoUdemy\robotFramework\WebTesting\resultados\amazon_testes_gherkin_bdd.robot">
<test id="s1-t1" name="Caso de Teste 01 - Acesso ao menu &quot;Eletrônicos&quot;" line="10">
<kw name="Abrir o navegador" owner="amazon_resources" type="SETUP">
<kw name="Open Browser" owner="SeleniumLibrary">
<msg time="2025-09-19T15:07:50.087738" level="INFO">Opening browser 'chrome' to base url 'None'.</msg>
<arg>browser=${BROWSER}</arg>
<doc>Opens a new browser instance to the optional ``url``.</doc>
<status status="PASS" start="2025-09-19T15:07:50.087386" elapsed="3.368207"/>
</kw>
<kw name="Maximize Browser Window" owner="SeleniumLibrary">
<doc>Maximizes current browser window.</doc>
<status status="PASS" start="2025-09-19T15:07:53.456799" elapsed="0.158711"/>
</kw>
<status status="PASS" start="2025-09-19T15:07:50.086018" elapsed="3.531997"/>
</kw>
<kw name="Dado que estou na home page da Amazon.com.br" owner="amazon_resources">
<kw name="Abrir o navegador" owner="amazon_resources">
<kw name="Open Browser" owner="SeleniumLibrary">
<msg time="2025-09-19T15:07:53.628692" level="INFO">Opening browser 'chrome' to base url 'None'.</msg>
<arg>browser=${BROWSER}</arg>
<doc>Opens a new browser instance to the optional ``url``.</doc>
<status status="PASS" start="2025-09-19T15:07:53.627889" elapsed="2.660122"/>
</kw>
<kw name="Maximize Browser Window" owner="SeleniumLibrary">
<doc>Maximizes current browser window.</doc>
<status status="PASS" start="2025-09-19T15:07:56.289011" elapsed="0.101766"/>
</kw>
<status status="PASS" start="2025-09-19T15:07:53.626866" elapsed="2.764262"/>
</kw>
<kw name="Acessar a home page do site Amazon.com.br" owner="amazon_resources">
<kw name="Go To" owner="SeleniumLibrary">
<msg time="2025-09-19T15:07:56.408631" level="INFO">Opening url 'https://www.amazon.com.br/'</msg>
<arg>url=${URL}</arg>
<doc>Navigates the current browser window to the provided ``url``.</doc>
<status status="PASS" start="2025-09-19T15:07:56.392515" elapsed="2.473909"/>
</kw>
<kw name="Wait Until Element Is Visible" owner="SeleniumLibrary">
<arg>${MENU_ELETRONICOS}</arg>
<doc>Waits until the element ``locator`` is visible.</doc>
<status status="PASS" start="2025-09-19T15:07:58.868549" elapsed="1.060533"/>
</kw>
<status status="PASS" start="2025-09-19T15:07:56.391638" elapsed="3.537835"/>
</kw>
<kw name="Verificar se o título da página fica &quot;Amazon.com.br | Tudo pra você, de A a Z.&quot;" owner="amazon_resources" source_name="Verificar se o título da página fica &quot;${TITULO}&quot;">
<kw name="Title Should Be" owner="SeleniumLibrary">
<msg time="2025-09-19T15:07:59.970207" level="INFO">Page title is 'Amazon.com.br | Tudo pra você, de A a Z.'.</msg>
<arg>title=${TITULO}</arg>
<doc>Verifies that the current page title equals ``title``.</doc>
<status status="PASS" start="2025-09-19T15:07:59.931721" elapsed="0.038665"/>
</kw>
<status status="PASS" start="2025-09-19T15:07:59.930422" elapsed="0.040177"/>
</kw>
<status status="PASS" start="2025-09-19T15:07:53.625826" elapsed="6.344957"/>
</kw>
<kw name="Quando acessar o menu &quot;Eletrônicos&quot;" owner="amazon_resources">
<kw name="Entrar no menu &quot;Eletrônicos&quot;" owner="amazon_resources">
<kw name="Click Element" owner="SeleniumLibrary">
<msg time="2025-09-19T15:07:59.973315" level="INFO">Clicking element '//a[contains(text(),'Eletrônicos')]'.</msg>
<arg>${MENU_ELETRONICOS}</arg>
<doc>Click the element identified by ``locator``.</doc>
<status status="PASS" start="2025-09-19T15:07:59.972778" elapsed="5.127808"/>
</kw>
<status status="PASS" start="2025-09-19T15:07:59.972055" elapsed="5.128890"/>
</kw>
<status status="PASS" start="2025-09-19T15:07:59.971400" elapsed="5.129726"/>
</kw>
<kw name="Então o título da página deve ficar &quot;Eletrônicos e Tecnologia | Amazon.com.br&quot;" owner="amazon_resources">
<kw name="Verificar se o título da página fica &quot;Eletrônicos e Tecnologia | Amazon.com.br&quot;" owner="amazon_resources" source_name="Verificar se o título da página fica &quot;${TITULO}&quot;">
<kw name="Title Should Be" owner="SeleniumLibrary">
<msg time="2025-09-19T15:08:05.329369" level="INFO">Page title is 'Eletrônicos e Tecnologia | Amazon.com.br'.</msg>
<arg>title=${TITULO}</arg>
<doc>Verifies that the current page title equals ``title``.</doc>
<status status="PASS" start="2025-09-19T15:08:05.103662" elapsed="0.225926"/>
</kw>
<status status="PASS" start="2025-09-19T15:08:05.102979" elapsed="0.226869"/>
</kw>
<status status="PASS" start="2025-09-19T15:08:05.102016" elapsed="0.227997"/>
</kw>
<kw name="E o texto &quot;Eletrônicos e Tecnologia&quot; deve ser exibido na página" owner="amazon_resources">
<kw name="Verificar se aparece a frase &quot;Eletrônicos e Tecnologia&quot;" owner="amazon_resources" source_name="Verificar se aparece a frase &quot;${FRASE}&quot;">
<kw name="Wait Until Page Contains" owner="SeleniumLibrary">
<arg>text=${FRASE}</arg>
<doc>Waits until ``text`` appears on the current page.</doc>
<status status="PASS" start="2025-09-19T15:08:05.332038" elapsed="0.086664"/>
</kw>
<kw name="Wait Until Element Is Visible" owner="SeleniumLibrary">
<arg>locator=${HEADER_ELETRONICOS}</arg>
<doc>Waits until the element ``locator`` is visible.</doc>
<status status="PASS" start="2025-09-19T15:08:05.419025" elapsed="0.039223"/>
</kw>
<status status="PASS" start="2025-09-19T15:08:05.331325" elapsed="0.127131"/>
</kw>
<status status="PASS" start="2025-09-19T15:08:05.330549" elapsed="0.128009"/>
</kw>
<kw name="E a categoria &quot;Computadores e Informática&quot; deve ser exibida na página" owner="amazon_resources">
<kw name="Verificar se aparece a categoria &quot;Computadores e Informática&quot;" owner="amazon_resources" source_name="Verificar se aparece a categoria &quot;${NOME_CATEGORIA}&quot;">
<kw name="Scroll Element Into View" owner="SeleniumLibrary">
<arg>//span[contains(text(),'Navegue por categoria')]</arg>
<doc>Scrolls the element identified by ``locator`` into view.</doc>
<status status="PASS" start="2025-09-19T15:08:05.460002" elapsed="0.410532"/>
</kw>
<kw name="Element Should Be Visible" owner="SeleniumLibrary">
<msg time="2025-09-19T15:08:05.918938" level="INFO">Element '//span[@class='a-size-base-plus'][normalize-space()='Computadores e Informática']' is displayed.</msg>
<arg>locator=//span[@class='a-size-base-plus'][normalize-space()='${NOME_CATEGORIA}']</arg>
<doc>Verifies that the element identified by ``locator`` is visible.</doc>
<status status="PASS" start="2025-09-19T15:08:05.871067" elapsed="0.048025"/>
</kw>
<kw name="Click Element" owner="SeleniumLibrary">
<msg time="2025-09-19T15:08:05.919857" level="INFO">Clicking element '(//a[@role='button'])[6]'.</msg>
<arg>${BUTTON_MOVE_CATEGORY}</arg>
<doc>Click the element identified by ``locator``.</doc>
<status status="PASS" start="2025-09-19T15:08:05.919405" elapsed="0.398836"/>
</kw>
<status status="PASS" start="2025-09-19T15:08:05.459622" elapsed="0.858897"/>
</kw>
<status status="PASS" start="2025-09-19T15:08:05.459040" elapsed="0.859661"/>
</kw>
<kw name="Fechar o navegador" owner="amazon_resources" type="TEARDOWN">
<kw name="Capture Page Screenshot" owner="SeleniumLibrary">
<msg time="2025-09-19T15:08:06.755767" level="INFO" html="true">&lt;/td&gt;&lt;/tr&gt;&lt;tr&gt;&lt;td colspan="3"&gt;&lt;a href="selenium-screenshot-18.png"&gt;&lt;img src="selenium-screenshot-18.png" width="800px"&gt;&lt;/a&gt;</msg>
<doc>Takes a screenshot of the current page and embeds it into a log file.</doc>
<status status="PASS" start="2025-09-19T15:08:06.340601" elapsed="0.415382"/>
</kw>
<kw name="Close Browser" owner="SeleniumLibrary">
<doc>Closes the current browser.</doc>
<status status="PASS" start="2025-09-19T15:08:06.756367" elapsed="2.527344"/>
</kw>
<status status="PASS" start="2025-09-19T15:08:06.337071" elapsed="2.946848"/>
</kw>
<doc>Esse teste verifica o menu "Eletrônicos" do site Amazon.com.br
e verifica a categoria Computadores e Informática</doc>
<tag>categorias</tag>
<tag>menus</tag>
<status status="PASS" start="2025-09-19T15:07:50.084379" elapsed="19.199836"/>
</test>
<doc>Essa suite testa o site da Amazon.com.br</doc>
<status status="PASS" start="2025-09-19T15:07:49.107435" elapsed="20.178127"/>
</suite>
<statistics>
<total>
<stat pass="1" fail="0" skip="0">All Tests</stat>
</total>
<tag>
<stat pass="1" fail="0" skip="0">categorias</stat>
<stat pass="1" fail="0" skip="0">menus</stat>
</tag>
<suite>
<stat name="Amazon Testes Gherkin Bdd" id="s1" pass="1" fail="0" skip="0">Amazon Testes Gherkin Bdd</stat>
</suite>
</statistics>
<errors>
</errors>
</robot>
